{"C:\\Users\\s.vanas\\Projects\\tss_ppm\\hr-performance-app\\src\\components\\EmployeeInfo.css": {"path":"C:\\Users\\s.vanas\\Projects\\tss_ppm\\hr-performance-app\\src\\components\\EmployeeInfo.css","statementMap":{},"fnMap":{},"branchMap":{},"s":{},"f":{},"b":{},"meta":{"lastBranch":0,"lastFunction":0,"lastStatement":0,"seen":{}}}
,"C:\\Users\\s.vanas\\Projects\\tss_ppm\\hr-performance-app\\src\\components\\EmployeeInfo.jsx": {"path":"C:\\Users\\s.vanas\\Projects\\tss_ppm\\hr-performance-app\\src\\components\\EmployeeInfo.jsx","statementMap":{"0":{"start":{"line":7,"column":12},"end":{"line":7,"column":null}},"1":{"start":{"line":8,"column":53},"end":{"line":8,"column":null}},"2":{"start":{"line":10,"column":23},"end":{"line":12,"column":null}},"3":{"start":{"line":10,"column":34},"end":{"line":12,"column":null}},"4":{"start":{"line":11,"column":4},"end":{"line":11,"column":null}},"5":{"start":{"line":14,"column":27},"end":{"line":18,"column":null}},"6":{"start":{"line":14,"column":38},"end":{"line":18,"column":null}},"7":{"start":{"line":15,"column":4},"end":{"line":17,"column":null}},"8":{"start":{"line":20,"column":19},"end":{"line":20,"column":null}},"9":{"start":{"line":20,"column":30},"end":{"line":20,"column":null}},"10":{"start":{"line":22,"column":2},"end":{"line":123,"column":null}}},"fnMap":{"0":{"name":"EmployeeInfo","decl":{"start":{"line":6,"column":16},"end":{"line":6,"column":31}},"loc":{"start":{"line":6,"column":31},"end":{"line":125,"column":null}},"line":6},"1":{"name":"(anonymous_1)","decl":{"start":{"line":10,"column":23},"end":{"line":10,"column":24}},"loc":{"start":{"line":10,"column":34},"end":{"line":12,"column":null}},"line":10},"2":{"name":"(anonymous_2)","decl":{"start":{"line":10,"column":34},"end":{"line":10,"column":35}},"loc":{"start":{"line":10,"column":41},"end":{"line":12,"column":null}},"line":10},"3":{"name":"(anonymous_3)","decl":{"start":{"line":14,"column":27},"end":{"line":14,"column":28}},"loc":{"start":{"line":14,"column":38},"end":{"line":18,"column":null}},"line":14},"4":{"name":"(anonymous_4)","decl":{"start":{"line":14,"column":38},"end":{"line":14,"column":39}},"loc":{"start":{"line":14,"column":54},"end":{"line":18,"column":null}},"line":14},"5":{"name":"(anonymous_5)","decl":{"start":{"line":20,"column":19},"end":{"line":20,"column":20}},"loc":{"start":{"line":20,"column":30},"end":{"line":20,"column":null}},"line":20}},"branchMap":{"0":{"loc":{"start":{"line":16,"column":15},"end":{"line":16,"column":null}},"type":"cond-expr","locations":[{"start":{"line":16,"column":33},"end":{"line":16,"column":70}},{"start":{"line":16,"column":70},"end":{"line":16,"column":null}}],"line":16},"1":{"loc":{"start":{"line":27,"column":38},"end":{"line":27,"column":81}},"type":"cond-expr","locations":[{"start":{"line":27,"column":65},"end":{"line":27,"column":79}},{"start":{"line":27,"column":79},"end":{"line":27,"column":81}}],"line":27},"2":{"loc":{"start":{"line":39,"column":11},"end":{"line":40,"column":null}},"type":"binary-expr","locations":[{"start":{"line":39,"column":11},"end":{"line":39,"column":null}},{"start":{"line":40,"column":12},"end":{"line":40,"column":null}}],"line":39},"3":{"loc":{"start":{"line":44,"column":38},"end":{"line":44,"column":73}},"type":"cond-expr","locations":[{"start":{"line":44,"column":57},"end":{"line":44,"column":71}},{"start":{"line":44,"column":71},"end":{"line":44,"column":73}}],"line":44},"4":{"loc":{"start":{"line":56,"column":11},"end":{"line":57,"column":null}},"type":"binary-expr","locations":[{"start":{"line":56,"column":11},"end":{"line":56,"column":null}},{"start":{"line":57,"column":12},"end":{"line":57,"column":null}}],"line":56},"5":{"loc":{"start":{"line":61,"column":38},"end":{"line":61,"column":81}},"type":"cond-expr","locations":[{"start":{"line":61,"column":65},"end":{"line":61,"column":79}},{"start":{"line":61,"column":79},"end":{"line":61,"column":81}}],"line":61},"6":{"loc":{"start":{"line":73,"column":11},"end":{"line":74,"column":null}},"type":"binary-expr","locations":[{"start":{"line":73,"column":11},"end":{"line":73,"column":null}},{"start":{"line":74,"column":12},"end":{"line":74,"column":null}}],"line":73},"7":{"loc":{"start":{"line":78,"column":38},"end":{"line":78,"column":77}},"type":"cond-expr","locations":[{"start":{"line":78,"column":61},"end":{"line":78,"column":75}},{"start":{"line":78,"column":75},"end":{"line":78,"column":77}}],"line":78},"8":{"loc":{"start":{"line":91,"column":11},"end":{"line":92,"column":null}},"type":"binary-expr","locations":[{"start":{"line":91,"column":11},"end":{"line":91,"column":null}},{"start":{"line":92,"column":12},"end":{"line":92,"column":null}}],"line":91},"9":{"loc":{"start":{"line":96,"column":38},"end":{"line":96,"column":79}},"type":"cond-expr","locations":[{"start":{"line":96,"column":63},"end":{"line":96,"column":77}},{"start":{"line":96,"column":77},"end":{"line":96,"column":79}}],"line":96},"10":{"loc":{"start":{"line":104,"column":11},"end":{"line":105,"column":null}},"type":"binary-expr","locations":[{"start":{"line":104,"column":11},"end":{"line":104,"column":null}},{"start":{"line":105,"column":12},"end":{"line":105,"column":null}}],"line":104}},"s":{"0":6,"1":6,"2":6,"3":36,"4":0,"5":6,"6":24,"7":0,"8":6,"9":60,"10":6},"f":{"0":6,"1":36,"2":0,"3":24,"4":0,"5":60},"b":{"0":[0,0],"1":[0,6],"2":[6,0],"3":[0,6],"4":[6,0],"5":[0,6],"6":[6,0],"7":[0,6],"8":[6,0],"9":[0,6],"10":[6,0]},"meta":{"lastBranch":11,"lastFunction":6,"lastStatement":11,"seen":{"f:6:16:6:31":0,"s:7:12:7:Infinity":0,"s:8:53:8:Infinity":1,"s:10:23:12:Infinity":2,"f:10:23:10:24":1,"s:10:34:12:Infinity":3,"f:10:34:10:35":2,"s:11:4:11:Infinity":4,"s:14:27:18:Infinity":5,"f:14:27:14:28":3,"s:14:38:18:Infinity":6,"f:14:38:14:39":4,"s:15:4:17:Infinity":7,"b:16:33:16:70:16:70:16:Infinity":0,"s:20:19:20:Infinity":8,"f:20:19:20:20":5,"s:20:30:20:Infinity":9,"s:22:2:123:Infinity":10,"b:27:65:27:79:27:79:27:81":1,"b:39:11:39:Infinity:40:12:40:Infinity":2,"b:44:57:44:71:44:71:44:73":3,"b:56:11:56:Infinity:57:12:57:Infinity":4,"b:61:65:61:79:61:79:61:81":5,"b:73:11:73:Infinity:74:12:74:Infinity":6,"b:78:61:78:75:78:75:78:77":7,"b:91:11:91:Infinity:92:12:92:Infinity":8,"b:96:63:96:77:96:77:96:79":9,"b:104:11:104:Infinity:105:12:105:Infinity":10}}}
,"C:\\Users\\s.vanas\\Projects\\tss_ppm\\hr-performance-app\\src\\components\\PerformanceGrid.css": {"path":"C:\\Users\\s.vanas\\Projects\\tss_ppm\\hr-performance-app\\src\\components\\PerformanceGrid.css","statementMap":{},"fnMap":{},"branchMap":{},"s":{},"f":{},"b":{},"meta":{"lastBranch":0,"lastFunction":0,"lastStatement":0,"seen":{}}}
,"C:\\Users\\s.vanas\\Projects\\tss_ppm\\hr-performance-app\\src\\components\\PerformanceGrid.jsx": {"path":"C:\\Users\\s.vanas\\Projects\\tss_ppm\\hr-performance-app\\src\\components\\PerformanceGrid.jsx","statementMap":{"0":{"start":{"line":13,"column":12},"end":{"line":13,"column":null}},"1":{"start":{"line":14,"column":19},"end":{"line":14,"column":null}},"2":{"start":{"line":16,"column":8},"end":{"line":16,"column":null}},"3":{"start":{"line":17,"column":20},"end":{"line":17,"column":null}},"4":{"start":{"line":18,"column":21},"end":{"line":18,"column":null}},"5":{"start":{"line":19,"column":8},"end":{"line":19,"column":null}},"6":{"start":{"line":20,"column":8},"end":{"line":20,"column":null}},"7":{"start":{"line":22,"column":23},"end":{"line":22,"column":null}},"8":{"start":{"line":23,"column":22},"end":{"line":23,"column":null}},"9":{"start":{"line":25,"column":20},"end":{"line":25,"column":null}},"10":{"start":{"line":26,"column":2},"end":{"line":37,"column":null}},"11":{"start":{"line":26,"column":18},"end":{"line":26,"column":21}},"12":{"start":{"line":27,"column":4},"end":{"line":36,"column":null}},"13":{"start":{"line":27,"column":19},"end":{"line":27,"column":22}},"14":{"start":{"line":28,"column":25},"end":{"line":28,"column":null}},"15":{"start":{"line":29,"column":12},"end":{"line":29,"column":null}},"16":{"start":{"line":30,"column":6},"end":{"line":35,"column":null}},"17":{"start":{"line":39,"column":2},"end":{"line":121,"column":null}},"18":{"start":{"line":58,"column":14},"end":{"line":64,"column":null}}},"fnMap":{"0":{"name":"PerformanceGrid","decl":{"start":{"line":12,"column":16},"end":{"line":12,"column":34}},"loc":{"start":{"line":12,"column":34},"end":{"line":123,"column":null}},"line":12},"1":{"name":"(anonymous_1)","decl":{"start":{"line":57,"column":27},"end":{"line":57,"column":28}},"loc":{"start":{"line":58,"column":14},"end":{"line":64,"column":null}},"line":58}},"branchMap":{"0":{"loc":{"start":{"line":16,"column":40},"end":{"line":16,"column":60}},"type":"binary-expr","locations":[{"start":{"line":16,"column":40},"end":{"line":16,"column":58}},{"start":{"line":16,"column":58},"end":{"line":16,"column":60}}],"line":16},"1":{"loc":{"start":{"line":17,"column":20},"end":{"line":17,"column":null}},"type":"binary-expr","locations":[{"start":{"line":17,"column":20},"end":{"line":17,"column":41}},{"start":{"line":17,"column":41},"end":{"line":17,"column":null}}],"line":17},"2":{"loc":{"start":{"line":18,"column":21},"end":{"line":18,"column":null}},"type":"binary-expr","locations":[{"start":{"line":18,"column":21},"end":{"line":18,"column":47}},{"start":{"line":18,"column":47},"end":{"line":18,"column":null}}],"line":18},"3":{"loc":{"start":{"line":19,"column":37},"end":{"line":19,"column":68}},"type":"binary-expr","locations":[{"start":{"line":19,"column":37},"end":{"line":19,"column":66}},{"start":{"line":19,"column":66},"end":{"line":19,"column":68}}],"line":19},"4":{"loc":{"start":{"line":22,"column":23},"end":{"line":22,"column":null}},"type":"cond-expr","locations":[{"start":{"line":22,"column":23},"end":{"line":22,"column":68}},{"start":{"line":22,"column":68},"end":{"line":22,"column":null}}],"line":22},"5":{"loc":{"start":{"line":23,"column":22},"end":{"line":23,"column":null}},"type":"cond-expr","locations":[{"start":{"line":23,"column":22},"end":{"line":23,"column":65}},{"start":{"line":23,"column":65},"end":{"line":23,"column":null}}],"line":23},"6":{"loc":{"start":{"line":28,"column":25},"end":{"line":28,"column":null}},"type":"binary-expr","locations":[{"start":{"line":28,"column":25},"end":{"line":28,"column":50}},{"start":{"line":28,"column":50},"end":{"line":28,"column":null}}],"line":28},"7":{"loc":{"start":{"line":60,"column":40},"end":{"line":60,"column":73}},"type":"cond-expr","locations":[{"start":{"line":60,"column":58},"end":{"line":60,"column":71}},{"start":{"line":60,"column":71},"end":{"line":60,"column":73}}],"line":60},"8":{"loc":{"start":{"line":63,"column":17},"end":{"line":63,"column":null}},"type":"binary-expr","locations":[{"start":{"line":63,"column":17},"end":{"line":63,"column":36}},{"start":{"line":63,"column":36},"end":{"line":63,"column":null}}],"line":63},"9":{"loc":{"start":{"line":81,"column":40},"end":{"line":81,"column":71}},"type":"cond-expr","locations":[{"start":{"line":81,"column":53},"end":{"line":81,"column":69}},{"start":{"line":81,"column":69},"end":{"line":81,"column":71}}],"line":81},"10":{"loc":{"start":{"line":84,"column":15},"end":{"line":84,"column":null}},"type":"cond-expr","locations":[{"start":{"line":84,"column":36},"end":{"line":84,"column":59}},{"start":{"line":84,"column":59},"end":{"line":84,"column":null}}],"line":84},"11":{"loc":{"start":{"line":86,"column":13},"end":{"line":86,"column":null}},"type":"binary-expr","locations":[{"start":{"line":86,"column":13},"end":{"line":86,"column":27}},{"start":{"line":86,"column":27},"end":{"line":86,"column":null}}],"line":86},"12":{"loc":{"start":{"line":91,"column":15},"end":{"line":91,"column":null}},"type":"cond-expr","locations":[{"start":{"line":91,"column":35},"end":{"line":91,"column":57}},{"start":{"line":91,"column":57},"end":{"line":91,"column":null}}],"line":91},"13":{"loc":{"start":{"line":94,"column":11},"end":{"line":97,"column":null}},"type":"binary-expr","locations":[{"start":{"line":94,"column":11},"end":{"line":94,"column":27}},{"start":{"line":94,"column":27},"end":{"line":94,"column":null}},{"start":{"line":95,"column":12},"end":{"line":97,"column":null}}],"line":94},"14":{"loc":{"start":{"line":106,"column":17},"end":{"line":106,"column":78}},"type":"binary-expr","locations":[{"start":{"line":106,"column":17},"end":{"line":106,"column":56}},{"start":{"line":106,"column":56},"end":{"line":106,"column":78}}],"line":106},"15":{"loc":{"start":{"line":110,"column":17},"end":{"line":110,"column":72}},"type":"binary-expr","locations":[{"start":{"line":110,"column":17},"end":{"line":110,"column":53}},{"start":{"line":110,"column":53},"end":{"line":110,"column":72}}],"line":110},"16":{"loc":{"start":{"line":114,"column":17},"end":{"line":114,"column":72}},"type":"binary-expr","locations":[{"start":{"line":114,"column":17},"end":{"line":114,"column":53}},{"start":{"line":114,"column":53},"end":{"line":114,"column":72}}],"line":114},"17":{"loc":{"start":{"line":118,"column":17},"end":{"line":118,"column":63}},"type":"binary-expr","locations":[{"start":{"line":118,"column":17},"end":{"line":118,"column":49}},{"start":{"line":118,"column":49},"end":{"line":118,"column":63}}],"line":118}},"s":{"0":7,"1":7,"2":7,"3":7,"4":7,"5":7,"6":7,"7":7,"8":7,"9":7,"10":7,"11":7,"12":21,"13":21,"14":63,"15":63,"16":63,"17":7,"18":63},"f":{"0":7,"1":63},"b":{"0":[7,0],"1":[7,7],"2":[7,7],"3":[7,0],"4":[0,7],"5":[0,7],"6":[63,0],"7":[0,63],"8":[63,0],"9":[0,7],"10":[0,7],"11":[7,0],"12":[0,7],"13":[7,0,0],"14":[7,0],"15":[7,0],"16":[7,0],"17":[7,0]},"meta":{"lastBranch":18,"lastFunction":2,"lastStatement":19,"seen":{"f:12:16:12:34":0,"s:13:12:13:Infinity":0,"s:14:19:14:Infinity":1,"s:16:8:16:Infinity":2,"b:16:40:16:58:16:58:16:60":0,"s:17:20:17:Infinity":3,"b:17:20:17:41:17:41:17:Infinity":1,"s:18:21:18:Infinity":4,"b:18:21:18:47:18:47:18:Infinity":2,"s:19:8:19:Infinity":5,"b:19:37:19:66:19:66:19:68":3,"s:20:8:20:Infinity":6,"s:22:23:22:Infinity":7,"b:22:23:22:68:22:68:22:Infinity":4,"s:23:22:23:Infinity":8,"b:23:22:23:65:23:65:23:Infinity":5,"s:25:20:25:Infinity":9,"s:26:2:37:Infinity":10,"s:26:18:26:21":11,"s:27:4:36:Infinity":12,"s:27:19:27:22":13,"s:28:25:28:Infinity":14,"b:28:25:28:50:28:50:28:Infinity":6,"s:29:12:29:Infinity":15,"s:30:6:35:Infinity":16,"s:39:2:121:Infinity":17,"f:57:27:57:28":1,"s:58:14:64:Infinity":18,"b:60:58:60:71:60:71:60:73":7,"b:63:17:63:36:63:36:63:Infinity":8,"b:81:53:81:69:81:69:81:71":9,"b:84:36:84:59:84:59:84:Infinity":10,"b:86:13:86:27:86:27:86:Infinity":11,"b:91:35:91:57:91:57:91:Infinity":12,"b:94:11:94:27:94:27:94:Infinity:95:12:97:Infinity":13,"b:106:17:106:56:106:56:106:78":14,"b:110:17:110:53:110:53:110:72":15,"b:114:17:114:53:114:53:114:72":16,"b:118:17:118:49:118:49:118:63":17}}}
,"C:\\Users\\s.vanas\\Projects\\tss_ppm\\hr-performance-app\\src\\components\\VoiceInputButton.css": {"path":"C:\\Users\\s.vanas\\Projects\\tss_ppm\\hr-performance-app\\src\\components\\VoiceInputButton.css","statementMap":{},"fnMap":{},"branchMap":{},"s":{},"f":{},"b":{},"meta":{"lastBranch":0,"lastFunction":0,"lastStatement":0,"seen":{}}}
,"C:\\Users\\s.vanas\\Projects\\tss_ppm\\hr-performance-app\\src\\components\\VoiceInputButton.jsx": {"path":"C:\\Users\\s.vanas\\Projects\\tss_ppm\\hr-performance-app\\src\\components\\VoiceInputButton.jsx","statementMap":{"0":{"start":{"line":7,"column":34},"end":{"line":7,"column":null}},"1":{"start":{"line":8,"column":24},"end":{"line":8,"column":null}},"2":{"start":{"line":10,"column":23},"end":{"line":15,"column":null}},"3":{"start":{"line":11,"column":4},"end":{"line":11,"column":null}},"4":{"start":{"line":12,"column":4},"end":{"line":14,"column":null}},"5":{"start":{"line":13,"column":6},"end":{"line":13,"column":null}},"6":{"start":{"line":17,"column":22},"end":{"line":21,"column":null}},"7":{"start":{"line":18,"column":4},"end":{"line":18,"column":null}},"8":{"start":{"line":20,"column":4},"end":{"line":20,"column":null}},"9":{"start":{"line":20,"column":21},"end":{"line":20,"column":37}},"10":{"start":{"line":34,"column":2},"end":{"line":38,"column":null}},"11":{"start":{"line":40,"column":2},"end":{"line":46,"column":null}},"12":{"start":{"line":41,"column":4},"end":{"line":44,"column":null}},"13":{"start":{"line":48,"column":26},"end":{"line":52,"column":null}},"14":{"start":{"line":49,"column":4},"end":{"line":49,"column":null}},"15":{"start":{"line":50,"column":4},"end":{"line":50,"column":null}},"16":{"start":{"line":51,"column":4},"end":{"line":51,"column":null}},"17":{"start":{"line":54,"column":24},"end":{"line":57,"column":null}},"18":{"start":{"line":55,"column":4},"end":{"line":55,"column":null}},"19":{"start":{"line":56,"column":4},"end":{"line":56,"column":null}},"20":{"start":{"line":59,"column":27},"end":{"line":63,"column":null}},"21":{"start":{"line":60,"column":4},"end":{"line":62,"column":null}},"22":{"start":{"line":61,"column":6},"end":{"line":61,"column":null}},"23":{"start":{"line":66,"column":27},"end":{"line":70,"column":null}},"24":{"start":{"line":67,"column":4},"end":{"line":67,"column":null}},"25":{"start":{"line":68,"column":4},"end":{"line":68,"column":null}},"26":{"start":{"line":69,"column":4},"end":{"line":69,"column":null}},"27":{"start":{"line":72,"column":25},"end":{"line":75,"column":null}},"28":{"start":{"line":73,"column":4},"end":{"line":73,"column":null}},"29":{"start":{"line":74,"column":4},"end":{"line":74,"column":null}},"30":{"start":{"line":78,"column":30},"end":{"line":78,"column":null}},"31":{"start":{"line":79,"column":22},"end":{"line":79,"column":null}},"32":{"start":{"line":81,"column":2},"end":{"line":143,"column":null}}},"fnMap":{"0":{"name":"VoiceInputButton","decl":{"start":{"line":6,"column":16},"end":{"line":6,"column":33}},"loc":{"start":{"line":6,"column":69},"end":{"line":145,"column":null}},"line":6},"1":{"name":"(anonymous_1)","decl":{"start":{"line":10,"column":23},"end":{"line":10,"column":24}},"loc":{"start":{"line":10,"column":39},"end":{"line":15,"column":null}},"line":10},"2":{"name":"(anonymous_2)","decl":{"start":{"line":17,"column":22},"end":{"line":17,"column":23}},"loc":{"start":{"line":17,"column":40},"end":{"line":21,"column":null}},"line":17},"3":{"name":"(anonymous_3)","decl":{"start":{"line":20,"column":15},"end":{"line":20,"column":21}},"loc":{"start":{"line":20,"column":21},"end":{"line":20,"column":37}},"line":20},"4":{"name":"(anonymous_4)","decl":{"start":{"line":48,"column":26},"end":{"line":48,"column":27}},"loc":{"start":{"line":48,"column":33},"end":{"line":52,"column":null}},"line":48},"5":{"name":"(anonymous_5)","decl":{"start":{"line":54,"column":24},"end":{"line":54,"column":25}},"loc":{"start":{"line":54,"column":31},"end":{"line":57,"column":null}},"line":54},"6":{"name":"(anonymous_6)","decl":{"start":{"line":59,"column":27},"end":{"line":59,"column":33}},"loc":{"start":{"line":59,"column":33},"end":{"line":63,"column":null}},"line":59},"7":{"name":"(anonymous_7)","decl":{"start":{"line":66,"column":27},"end":{"line":66,"column":28}},"loc":{"start":{"line":66,"column":34},"end":{"line":70,"column":null}},"line":66},"8":{"name":"(anonymous_8)","decl":{"start":{"line":72,"column":25},"end":{"line":72,"column":26}},"loc":{"start":{"line":72,"column":32},"end":{"line":75,"column":null}},"line":72}},"branchMap":{"0":{"loc":{"start":{"line":6,"column":49},"end":{"line":6,"column":66}},"type":"default-arg","locations":[{"start":{"line":6,"column":60},"end":{"line":6,"column":66}}],"line":6},"1":{"loc":{"start":{"line":12,"column":4},"end":{"line":14,"column":null}},"type":"if","locations":[{"start":{"line":12,"column":4},"end":{"line":14,"column":null}},{"start":{},"end":{}}],"line":12},"2":{"loc":{"start":{"line":40,"column":2},"end":{"line":46,"column":null}},"type":"if","locations":[{"start":{"line":40,"column":2},"end":{"line":46,"column":null}},{"start":{},"end":{}}],"line":40},"3":{"loc":{"start":{"line":60,"column":4},"end":{"line":62,"column":null}},"type":"if","locations":[{"start":{"line":60,"column":4},"end":{"line":62,"column":null}},{"start":{},"end":{}}],"line":60},"4":{"loc":{"start":{"line":78,"column":30},"end":{"line":78,"column":null}},"type":"binary-expr","locations":[{"start":{"line":78,"column":30},"end":{"line":78,"column":48}},{"start":{"line":78,"column":48},"end":{"line":78,"column":null}}],"line":78},"5":{"loc":{"start":{"line":79,"column":44},"end":{"line":79,"column":74}},"type":"cond-expr","locations":[{"start":{"line":79,"column":58},"end":{"line":79,"column":72}},{"start":{"line":79,"column":72},"end":{"line":79,"column":74}}],"line":79},"6":{"loc":{"start":{"line":79,"column":78},"end":{"line":79,"column":110}},"type":"cond-expr","locations":[{"start":{"line":79,"column":93},"end":{"line":79,"column":108}},{"start":{"line":79,"column":108},"end":{"line":79,"column":110}}],"line":79},"7":{"loc":{"start":{"line":79,"column":114},"end":{"line":79,"column":138}},"type":"cond-expr","locations":[{"start":{"line":79,"column":122},"end":{"line":79,"column":136}},{"start":{"line":79,"column":136},"end":{"line":79,"column":138}}],"line":79},"8":{"loc":{"start":{"line":79,"column":142},"end":{"line":79,"column":184}},"type":"cond-expr","locations":[{"start":{"line":79,"column":164},"end":{"line":79,"column":182}},{"start":{"line":79,"column":182},"end":{"line":79,"column":184}}],"line":79},"9":{"loc":{"start":{"line":91,"column":18},"end":{"line":91,"column":null}},"type":"binary-expr","locations":[{"start":{"line":91,"column":18},"end":{"line":91,"column":30}},{"start":{"line":91,"column":30},"end":{"line":91,"column":46}},{"start":{"line":91,"column":46},"end":{"line":91,"column":null}}],"line":91},"10":{"loc":{"start":{"line":92,"column":15},"end":{"line":92,"column":null}},"type":"cond-expr","locations":[{"start":{"line":92,"column":37},"end":{"line":92,"column":63}},{"start":{"line":92,"column":63},"end":{"line":92,"column":null}}],"line":92},"11":{"loc":{"start":{"line":96,"column":11},"end":{"line":114,"column":null}},"type":"cond-expr","locations":[{"start":{"line":97,"column":12},"end":{"line":97,"column":null}},{"start":{"line":99,"column":12},"end":{"line":114,"column":null}}],"line":96},"12":{"loc":{"start":{"line":116,"column":11},"end":{"line":125,"column":null}},"type":"binary-expr","locations":[{"start":{"line":116,"column":11},"end":{"line":116,"column":null}},{"start":{"line":117,"column":12},"end":{"line":125,"column":null}}],"line":116},"13":{"loc":{"start":{"line":128,"column":9},"end":{"line":128,"column":null}},"type":"binary-expr","locations":[{"start":{"line":128,"column":9},"end":{"line":128,"column":24}},{"start":{"line":128,"column":24},"end":{"line":128,"column":null}}],"line":128},"14":{"loc":{"start":{"line":129,"column":9},"end":{"line":129,"column":null}},"type":"binary-expr","locations":[{"start":{"line":129,"column":9},"end":{"line":129,"column":25}},{"start":{"line":129,"column":25},"end":{"line":129,"column":null}}],"line":129},"15":{"loc":{"start":{"line":132,"column":7},"end":{"line":135,"column":null}},"type":"binary-expr","locations":[{"start":{"line":132,"column":7},"end":{"line":132,"column":38}},{"start":{"line":132,"column":38},"end":{"line":132,"column":54}},{"start":{"line":132,"column":54},"end":{"line":132,"column":70}},{"start":{"line":132,"column":70},"end":{"line":132,"column":null}},{"start":{"line":133,"column":8},"end":{"line":135,"column":null}}],"line":132},"16":{"loc":{"start":{"line":137,"column":7},"end":{"line":141,"column":null}},"type":"binary-expr","locations":[{"start":{"line":137,"column":7},"end":{"line":137,"column":null}},{"start":{"line":138,"column":8},"end":{"line":141,"column":null}}],"line":137}},"s":{"0":55,"1":55,"2":55,"3":2,"4":2,"5":1,"6":55,"7":2,"8":2,"9":0,"10":55,"11":55,"12":25,"13":30,"14":1,"15":1,"16":1,"17":30,"18":1,"19":1,"20":30,"21":2,"22":1,"23":30,"24":1,"25":1,"26":1,"27":30,"28":1,"29":1,"30":30,"31":55,"32":55},"f":{"0":55,"1":2,"2":2,"3":0,"4":1,"5":1,"6":2,"7":1,"8":1},"b":{"0":[55],"1":[1,1],"2":[25,30],"3":[1,1],"4":[30,3],"5":[5,25],"6":[5,25],"7":[2,28],"8":[2,28],"9":[55,29,24],"10":[2,28],"11":[5,25],"12":[55,5],"13":[55,5],"14":[55,5],"15":[55,5,3,2,1],"16":[55,2]},"meta":{"lastBranch":17,"lastFunction":9,"lastStatement":33,"seen":{"f:6:16:6:33":0,"b:6:60:6:66":0,"s:7:34:7:Infinity":0,"s:8:24:8:Infinity":1,"s:10:23:15:Infinity":2,"f:10:23:10:24":1,"s:11:4:11:Infinity":3,"b:12:4:14:Infinity:undefined:undefined:undefined:undefined":1,"s:12:4:14:Infinity":4,"s:13:6:13:Infinity":5,"s:17:22:21:Infinity":6,"f:17:22:17:23":2,"s:18:4:18:Infinity":7,"s:20:4:20:Infinity":8,"f:20:15:20:21":3,"s:20:21:20:37":9,"s:34:2:38:Infinity":10,"b:40:2:46:Infinity:undefined:undefined:undefined:undefined":2,"s:40:2:46:Infinity":11,"s:41:4:44:Infinity":12,"s:48:26:52:Infinity":13,"f:48:26:48:27":4,"s:49:4:49:Infinity":14,"s:50:4:50:Infinity":15,"s:51:4:51:Infinity":16,"s:54:24:57:Infinity":17,"f:54:24:54:25":5,"s:55:4:55:Infinity":18,"s:56:4:56:Infinity":19,"s:59:27:63:Infinity":20,"f:59:27:59:33":6,"b:60:4:62:Infinity:undefined:undefined:undefined:undefined":3,"s:60:4:62:Infinity":21,"s:61:6:61:Infinity":22,"s:66:27:70:Infinity":23,"f:66:27:66:28":7,"s:67:4:67:Infinity":24,"s:68:4:68:Infinity":25,"s:69:4:69:Infinity":26,"s:72:25:75:Infinity":27,"f:72:25:72:26":8,"s:73:4:73:Infinity":28,"s:74:4:74:Infinity":29,"s:78:30:78:Infinity":30,"b:78:30:78:48:78:48:78:Infinity":4,"s:79:22:79:Infinity":31,"b:79:58:79:72:79:72:79:74":5,"b:79:93:79:108:79:108:79:110":6,"b:79:122:79:136:79:136:79:138":7,"b:79:164:79:182:79:182:79:184":8,"s:81:2:143:Infinity":32,"b:91:18:91:30:91:30:91:46:91:46:91:Infinity":9,"b:92:37:92:63:92:63:92:Infinity":10,"b:97:12:97:Infinity:99:12:114:Infinity":11,"b:116:11:116:Infinity:117:12:125:Infinity":12,"b:128:9:128:24:128:24:128:Infinity":13,"b:129:9:129:25:129:25:129:Infinity":14,"b:132:7:132:38:132:38:132:54:132:54:132:70:132:70:132:Infinity:133:8:135:Infinity":15,"b:137:7:137:Infinity:138:8:141:Infinity":16}}}
,"C:\\Users\\s.vanas\\Projects\\tss_ppm\\hr-performance-app\\src\\config\\auth.js": {"path":"C:\\Users\\s.vanas\\Projects\\tss_ppm\\hr-performance-app\\src\\config\\auth.js","statementMap":{"0":{"start":{"line":6,"column":23},"end":{"line":19,"column":1}},"1":{"start":{"line":8,"column":2},"end":{"line":10,"column":3}},"2":{"start":{"line":9,"column":4},"end":{"line":9,"column":45}},"3":{"start":{"line":12,"column":2},"end":{"line":16,"column":3}},"4":{"start":{"line":15,"column":4},"end":{"line":15,"column":19}},"5":{"start":{"line":18,"column":2},"end":{"line":18,"column":33}},"6":{"start":{"line":21,"column":26},"end":{"line":44,"column":1}},"7":{"start":{"line":46,"column":24},"end":{"line":52,"column":1}},"8":{"start":{"line":55,"column":29},"end":{"line":61,"column":1}},"9":{"start":{"line":67,"column":2},"end":{"line":67,"column":78}},"10":{"start":{"line":74,"column":2},"end":{"line":74,"column":41}}},"fnMap":{"0":{"name":"(anonymous_0)","decl":{"start":{"line":6,"column":23},"end":{"line":6,"column":24}},"loc":{"start":{"line":6,"column":29},"end":{"line":19,"column":1}},"line":6},"1":{"name":"hasMinimumRole","decl":{"start":{"line":66,"column":16},"end":{"line":66,"column":30}},"loc":{"start":{"line":66,"column":55},"end":{"line":68,"column":1}},"line":66},"2":{"name":"hasAnyRole","decl":{"start":{"line":73,"column":16},"end":{"line":73,"column":26}},"loc":{"start":{"line":73,"column":51},"end":{"line":75,"column":1}},"line":73}},"branchMap":{"0":{"loc":{"start":{"line":8,"column":2},"end":{"line":10,"column":3}},"type":"if","locations":[{"start":{"line":8,"column":2},"end":{"line":10,"column":3}},{"start":{},"end":{}}],"line":8},"1":{"loc":{"start":{"line":12,"column":2},"end":{"line":16,"column":3}},"type":"if","locations":[{"start":{"line":12,"column":2},"end":{"line":16,"column":3}},{"start":{},"end":{}}],"line":12},"2":{"loc":{"start":{"line":12,"column":6},"end":{"line":14,"column":55}},"type":"binary-expr","locations":[{"start":{"line":12,"column":6},"end":{"line":12,"column":35}},{"start":{"line":13,"column":7},"end":{"line":13,"column":44}},{"start":{"line":14,"column":7},"end":{"line":14,"column":54}}],"line":12},"3":{"loc":{"start":{"line":25,"column":11},"end":{"line":25,"column":59}},"type":"binary-expr","locations":[{"start":{"line":25,"column":11},"end":{"line":25,"column":46}},{"start":{"line":25,"column":50},"end":{"line":25,"column":59}}],"line":25},"4":{"loc":{"start":{"line":26,"column":14},"end":{"line":26,"column":75}},"type":"binary-expr","locations":[{"start":{"line":26,"column":14},"end":{"line":26,"column":53}},{"start":{"line":26,"column":57},"end":{"line":26,"column":75}}],"line":26},"5":{"loc":{"start":{"line":67,"column":10},"end":{"line":67,"column":38}},"type":"binary-expr","locations":[{"start":{"line":67,"column":10},"end":{"line":67,"column":33}},{"start":{"line":67,"column":37},"end":{"line":67,"column":38}}],"line":67},"6":{"loc":{"start":{"line":67,"column":44},"end":{"line":67,"column":76}},"type":"binary-expr","locations":[{"start":{"line":67,"column":44},"end":{"line":67,"column":71}},{"start":{"line":67,"column":75},"end":{"line":67,"column":76}}],"line":67}},"s":{"0":3,"1":3,"2":0,"3":3,"4":0,"5":3,"6":3,"7":3,"8":3,"9":13,"10":5},"f":{"0":3,"1":13,"2":5},"b":{"0":[0,3],"1":[0,3],"2":[3,3,3],"3":[3,3],"4":[3,3],"5":[13,1],"6":[13,1]},"meta":{"lastBranch":7,"lastFunction":3,"lastStatement":11,"seen":{"s:6:23:19:1":0,"f:6:23:6:24":0,"b:8:2:10:3:undefined:undefined:undefined:undefined":0,"s:8:2:10:3":1,"s:9:4:9:45":2,"b:12:2:16:3:undefined:undefined:undefined:undefined":1,"s:12:2:16:3":3,"b:12:6:12:35:13:7:13:44:14:7:14:54":2,"s:15:4:15:19":4,"s:18:2:18:33":5,"s:21:26:44:1":6,"b:25:11:25:46:25:50:25:59":3,"b:26:14:26:53:26:57:26:75":4,"s:46:24:52:1":7,"s:55:29:61:1":8,"f:66:16:66:30":1,"s:67:2:67:78":9,"b:67:10:67:33:67:37:67:38":5,"b:67:44:67:71:67:75:67:76":6,"f:73:16:73:26":2,"s:74:2:74:41":10}}}
,"C:\\Users\\s.vanas\\Projects\\tss_ppm\\hr-performance-app\\src\\contexts\\AuthContext.jsx": {"path":"C:\\Users\\s.vanas\\Projects\\tss_ppm\\hr-performance-app\\src\\contexts\\AuthContext.jsx","statementMap":{"0":{"start":{"line":6,"column":6},"end":{"line":6,"column":null}},"1":{"start":{"line":9,"column":21},"end":{"line":15,"column":null}},"2":{"start":{"line":21,"column":2},"end":{"line":21,"column":null}},"3":{"start":{"line":21,"column":29},"end":{"line":21,"column":null}},"4":{"start":{"line":23,"column":16},"end":{"line":23,"column":null}},"5":{"start":{"line":24,"column":21},"end":{"line":24,"column":null}},"6":{"start":{"line":25,"column":22},"end":{"line":25,"column":null}},"7":{"start":{"line":26,"column":19},"end":{"line":26,"column":null}},"8":{"start":{"line":29,"column":13},"end":{"line":29,"column":null}},"9":{"start":{"line":30,"column":26},"end":{"line":30,"column":null}},"10":{"start":{"line":30,"column":44},"end":{"line":30,"column":59}},"11":{"start":{"line":31,"column":2},"end":{"line":34,"column":null}},"12":{"start":{"line":31,"column":51},"end":{"line":31,"column":null}},"13":{"start":{"line":31,"column":67},"end":{"line":34,"column":null}},"14":{"start":{"line":32,"column":51},"end":{"line":32,"column":null}},"15":{"start":{"line":32,"column":67},"end":{"line":34,"column":null}},"16":{"start":{"line":33,"column":43},"end":{"line":33,"column":null}},"17":{"start":{"line":33,"column":59},"end":{"line":34,"column":null}},"18":{"start":{"line":34,"column":48},"end":{"line":34,"column":null}},"19":{"start":{"line":36,"column":2},"end":{"line":51,"column":null}},"20":{"start":{"line":57,"column":18},"end":{"line":126,"column":null}},"21":{"start":{"line":129,"column":17},"end":{"line":129,"column":null}},"22":{"start":{"line":132,"column":24},"end":{"line":132,"column":null}},"23":{"start":{"line":133,"column":8},"end":{"line":133,"column":null}},"24":{"start":{"line":134,"column":8},"end":{"line":134,"column":null}},"25":{"start":{"line":135,"column":8},"end":{"line":135,"column":null}},"26":{"start":{"line":140,"column":8},"end":{"line":142,"column":null}},"27":{"start":{"line":141,"column":4},"end":{"line":141,"column":null}},"28":{"start":{"line":141,"column":22},"end":{"line":141,"column":46}},"29":{"start":{"line":147,"column":8},"end":{"line":224,"column":null}},"30":{"start":{"line":149,"column":4},"end":{"line":149,"column":null}},"31":{"start":{"line":149,"column":33},"end":{"line":149,"column":null}},"32":{"start":{"line":150,"column":4},"end":{"line":150,"column":null}},"33":{"start":{"line":153,"column":4},"end":{"line":162,"column":null}},"34":{"start":{"line":154,"column":6},"end":{"line":154,"column":null}},"35":{"start":{"line":155,"column":6},"end":{"line":160,"column":null}},"36":{"start":{"line":161,"column":6},"end":{"line":161,"column":null}},"37":{"start":{"line":164,"column":4},"end":{"line":223,"column":null}},"38":{"start":{"line":166,"column":23},"end":{"line":170,"column":null}},"39":{"start":{"line":172,"column":6},"end":{"line":172,"column":null}},"40":{"start":{"line":175,"column":28},"end":{"line":179,"column":null}},"41":{"start":{"line":181,"column":6},"end":{"line":214,"column":null}},"42":{"start":{"line":183,"column":8},"end":{"line":183,"column":null}},"43":{"start":{"line":186,"column":8},"end":{"line":186,"column":null}},"44":{"start":{"line":189,"column":21},"end":{"line":189,"column":null}},"45":{"start":{"line":190,"column":8},"end":{"line":194,"column":null}},"46":{"start":{"line":191,"column":10},"end":{"line":191,"column":null}},"47":{"start":{"line":193,"column":10},"end":{"line":193,"column":null}},"48":{"start":{"line":196,"column":21},"end":{"line":196,"column":null}},"49":{"start":{"line":198,"column":8},"end":{"line":204,"column":null}},"50":{"start":{"line":206,"column":8},"end":{"line":206,"column":null}},"51":{"start":{"line":208,"column":8},"end":{"line":213,"column":null}},"52":{"start":{"line":216,"column":6},"end":{"line":216,"column":null}},"53":{"start":{"line":217,"column":6},"end":{"line":222,"column":null}},"54":{"start":{"line":229,"column":8},"end":{"line":248,"column":null}},"55":{"start":{"line":231,"column":4},"end":{"line":233,"column":null}},"56":{"start":{"line":232,"column":6},"end":{"line":232,"column":null}},"57":{"start":{"line":235,"column":4},"end":{"line":247,"column":null}},"58":{"start":{"line":236,"column":6},"end":{"line":246,"column":null}},"59":{"start":{"line":237,"column":26},"end":{"line":237,"column":null}},"60":{"start":{"line":238,"column":8},"end":{"line":241,"column":null}},"61":{"start":{"line":239,"column":10},"end":{"line":239,"column":null}},"62":{"start":{"line":240,"column":10},"end":{"line":240,"column":null}},"63":{"start":{"line":243,"column":8},"end":{"line":243,"column":null}},"64":{"start":{"line":245,"column":8},"end":{"line":245,"column":null}},"65":{"start":{"line":253,"column":2},"end":{"line":258,"column":null}},"66":{"start":{"line":254,"column":4},"end":{"line":257,"column":null}},"67":{"start":{"line":255,"column":6},"end":{"line":255,"column":null}},"68":{"start":{"line":256,"column":6},"end":{"line":256,"column":null}},"69":{"start":{"line":263,"column":2},"end":{"line":271,"column":null}},"70":{"start":{"line":264,"column":4},"end":{"line":264,"column":null}},"71":{"start":{"line":266,"column":4},"end":{"line":270,"column":null}},"72":{"start":{"line":267,"column":6},"end":{"line":269,"column":null}},"73":{"start":{"line":268,"column":8},"end":{"line":268,"column":null}},"74":{"start":{"line":276,"column":8},"end":{"line":282,"column":null}},"75":{"start":{"line":277,"column":4},"end":{"line":281,"column":null}},"76":{"start":{"line":278,"column":6},"end":{"line":280,"column":null}},"77":{"start":{"line":287,"column":8},"end":{"line":306,"column":null}},"78":{"start":{"line":288,"column":4},"end":{"line":290,"column":null}},"79":{"start":{"line":289,"column":6},"end":{"line":289,"column":null}},"80":{"start":{"line":292,"column":4},"end":{"line":292,"column":null}},"81":{"start":{"line":294,"column":4},"end":{"line":305,"column":null}},"82":{"start":{"line":295,"column":6},"end":{"line":297,"column":null}},"83":{"start":{"line":300,"column":6},"end":{"line":304,"column":null}},"84":{"start":{"line":311,"column":8},"end":{"line":320,"column":null}},"85":{"start":{"line":312,"column":4},"end":{"line":312,"column":null}},"86":{"start":{"line":312,"column":30},"end":{"line":312,"column":null}},"87":{"start":{"line":314,"column":4},"end":{"line":319,"column":null}},"88":{"start":{"line":315,"column":6},"end":{"line":315,"column":null}},"89":{"start":{"line":316,"column":6},"end":{"line":316,"column":null}},"90":{"start":{"line":318,"column":6},"end":{"line":318,"column":null}},"91":{"start":{"line":325,"column":8},"end":{"line":328,"column":null}},"92":{"start":{"line":326,"column":4},"end":{"line":326,"column":null}},"93":{"start":{"line":326,"column":21},"end":{"line":326,"column":null}},"94":{"start":{"line":327,"column":4},"end":{"line":327,"column":null}},"95":{"start":{"line":333,"column":8},"end":{"line":336,"column":null}},"96":{"start":{"line":334,"column":4},"end":{"line":334,"column":null}},"97":{"start":{"line":334,"column":21},"end":{"line":334,"column":null}},"98":{"start":{"line":335,"column":4},"end":{"line":335,"column":null}},"99":{"start":{"line":341,"column":8},"end":{"line":344,"column":null}},"100":{"start":{"line":342,"column":4},"end":{"line":342,"column":null}},"101":{"start":{"line":342,"column":21},"end":{"line":342,"column":null}},"102":{"start":{"line":343,"column":4},"end":{"line":343,"column":null}},"103":{"start":{"line":349,"column":8},"end":{"line":352,"column":null}},"104":{"start":{"line":350,"column":4},"end":{"line":350,"column":null}},"105":{"start":{"line":350,"column":21},"end":{"line":350,"column":null}},"106":{"start":{"line":351,"column":4},"end":{"line":351,"column":null}},"107":{"start":{"line":351,"column":48},"end":{"line":351,"column":64}},"108":{"start":{"line":357,"column":20},"end":{"line":357,"column":null}},"109":{"start":{"line":362,"column":8},"end":{"line":378,"column":null}},"110":{"start":{"line":363,"column":4},"end":{"line":366,"column":null}},"111":{"start":{"line":364,"column":6},"end":{"line":364,"column":null}},"112":{"start":{"line":365,"column":6},"end":{"line":365,"column":null}},"113":{"start":{"line":368,"column":20},"end":{"line":368,"column":null}},"114":{"start":{"line":369,"column":4},"end":{"line":372,"column":null}},"115":{"start":{"line":370,"column":6},"end":{"line":370,"column":null}},"116":{"start":{"line":371,"column":6},"end":{"line":371,"column":null}},"117":{"start":{"line":374,"column":4},"end":{"line":374,"column":null}},"118":{"start":{"line":375,"column":4},"end":{"line":377,"column":null}},"119":{"start":{"line":380,"column":16},"end":{"line":402,"column":null}},"120":{"start":{"line":404,"column":2},"end":{"line":407,"column":null}},"121":{"start":{"line":415,"column":8},"end":{"line":415,"column":null}},"122":{"start":{"line":416,"column":2},"end":{"line":418,"column":null}},"123":{"start":{"line":417,"column":4},"end":{"line":417,"column":null}},"124":{"start":{"line":419,"column":2},"end":{"line":419,"column":null}},"125":{"start":{"line":426,"column":48},"end":{"line":426,"column":null}},"126":{"start":{"line":428,"column":2},"end":{"line":432,"column":null}},"127":{"start":{"line":429,"column":4},"end":{"line":431,"column":null}},"128":{"start":{"line":430,"column":6},"end":{"line":430,"column":null}},"129":{"start":{"line":434,"column":2},"end":{"line":434,"column":null}}},"fnMap":{"0":{"name":"mapKeycloakUser","decl":{"start":{"line":20,"column":9},"end":{"line":20,"column":25}},"loc":{"start":{"line":20,"column":50},"end":{"line":52,"column":null}},"line":20},"1":{"name":"(anonymous_1)","decl":{"start":{"line":30,"column":39},"end":{"line":30,"column":44}},"loc":{"start":{"line":30,"column":44},"end":{"line":30,"column":59}},"line":30},"2":{"name":"AuthProvider","decl":{"start":{"line":131,"column":16},"end":{"line":131,"column":29}},"loc":{"start":{"line":131,"column":43},"end":{"line":409,"column":null}},"line":131},"3":{"name":"(anonymous_3)","decl":{"start":{"line":140,"column":34},"end":{"line":140,"column":35}},"loc":{"start":{"line":140,"column":47},"end":{"line":142,"column":5}},"line":140},"4":{"name":"(anonymous_4)","decl":{"start":{"line":141,"column":13},"end":{"line":141,"column":22}},"loc":{"start":{"line":141,"column":22},"end":{"line":141,"column":46}},"line":141},"5":{"name":"(anonymous_5)","decl":{"start":{"line":147,"column":35},"end":{"line":147,"column":47}},"loc":{"start":{"line":147,"column":47},"end":{"line":224,"column":5}},"line":147},"6":{"name":"(anonymous_6)","decl":{"start":{"line":229,"column":40},"end":{"line":229,"column":41}},"loc":{"start":{"line":229,"column":54},"end":{"line":248,"column":5}},"line":229},"7":{"name":"(anonymous_7)","decl":{"start":{"line":235,"column":45},"end":{"line":235,"column":57}},"loc":{"start":{"line":235,"column":57},"end":{"line":247,"column":7}},"line":235},"8":{"name":"(anonymous_8)","decl":{"start":{"line":253,"column":12},"end":{"line":253,"column":18}},"loc":{"start":{"line":253,"column":18},"end":{"line":258,"column":5}},"line":253},"9":{"name":"(anonymous_9)","decl":{"start":{"line":254,"column":32},"end":{"line":254,"column":38}},"loc":{"start":{"line":254,"column":38},"end":{"line":257,"column":5}},"line":254},"10":{"name":"(anonymous_10)","decl":{"start":{"line":263,"column":12},"end":{"line":263,"column":18}},"loc":{"start":{"line":263,"column":18},"end":{"line":271,"column":5}},"line":263},"11":{"name":"(anonymous_11)","decl":{"start":{"line":266,"column":11},"end":{"line":266,"column":17}},"loc":{"start":{"line":266,"column":17},"end":{"line":270,"column":null}},"line":266},"12":{"name":"(anonymous_12)","decl":{"start":{"line":276,"column":28},"end":{"line":276,"column":35}},"loc":{"start":{"line":276,"column":51},"end":{"line":282,"column":5}},"line":276},"13":{"name":"(anonymous_13)","decl":{"start":{"line":287,"column":29},"end":{"line":287,"column":36}},"loc":{"start":{"line":287,"column":52},"end":{"line":306,"column":5}},"line":287},"14":{"name":"(anonymous_14)","decl":{"start":{"line":311,"column":37},"end":{"line":311,"column":49}},"loc":{"start":{"line":311,"column":49},"end":{"line":320,"column":5}},"line":311},"15":{"name":"(anonymous_15)","decl":{"start":{"line":325,"column":30},"end":{"line":325,"column":31}},"loc":{"start":{"line":325,"column":40},"end":{"line":328,"column":5}},"line":325},"16":{"name":"(anonymous_16)","decl":{"start":{"line":333,"column":33},"end":{"line":333,"column":34}},"loc":{"start":{"line":333,"column":51},"end":{"line":336,"column":5}},"line":333},"17":{"name":"(anonymous_17)","decl":{"start":{"line":341,"column":31},"end":{"line":341,"column":32}},"loc":{"start":{"line":341,"column":42},"end":{"line":344,"column":5}},"line":341},"18":{"name":"(anonymous_18)","decl":{"start":{"line":349,"column":34},"end":{"line":349,"column":35}},"loc":{"start":{"line":349,"column":46},"end":{"line":352,"column":5}},"line":349},"19":{"name":"(anonymous_19)","decl":{"start":{"line":351,"column":42},"end":{"line":351,"column":48}},"loc":{"start":{"line":351,"column":48},"end":{"line":351,"column":64}},"line":351},"20":{"name":"(anonymous_20)","decl":{"start":{"line":362,"column":36},"end":{"line":362,"column":37}},"loc":{"start":{"line":362,"column":46},"end":{"line":378,"column":5}},"line":362},"21":{"name":"useAuth","decl":{"start":{"line":414,"column":16},"end":{"line":414,"column":26}},"loc":{"start":{"line":414,"column":26},"end":{"line":420,"column":null}},"line":414},"22":{"name":"useRequireAuth","decl":{"start":{"line":425,"column":16},"end":{"line":425,"column":31}},"loc":{"start":{"line":425,"column":49},"end":{"line":435,"column":null}},"line":425},"23":{"name":"(anonymous_23)","decl":{"start":{"line":428,"column":12},"end":{"line":428,"column":18}},"loc":{"start":{"line":428,"column":18},"end":{"line":432,"column":5}},"line":428}},"branchMap":{"0":{"loc":{"start":{"line":20,"column":35},"end":{"line":20,"column":50}},"type":"default-arg","locations":[{"start":{"line":20,"column":44},"end":{"line":20,"column":50}}],"line":20},"1":{"loc":{"start":{"line":21,"column":2},"end":{"line":21,"column":null}},"type":"if","locations":[{"start":{"line":21,"column":2},"end":{"line":21,"column":null}},{"start":{},"end":{}}],"line":21},"2":{"loc":{"start":{"line":24,"column":21},"end":{"line":24,"column":null}},"type":"binary-expr","locations":[{"start":{"line":24,"column":21},"end":{"line":24,"column":50}},{"start":{"line":24,"column":50},"end":{"line":24,"column":null}}],"line":24},"3":{"loc":{"start":{"line":25,"column":22},"end":{"line":25,"column":null}},"type":"binary-expr","locations":[{"start":{"line":25,"column":22},"end":{"line":25,"column":86}},{"start":{"line":25,"column":86},"end":{"line":25,"column":null}}],"line":25},"4":{"loc":{"start":{"line":31,"column":2},"end":{"line":34,"column":null}},"type":"if","locations":[{"start":{"line":31,"column":2},"end":{"line":34,"column":null}},{"start":{"line":31,"column":67},"end":{"line":34,"column":null}}],"line":31},"5":{"loc":{"start":{"line":31,"column":67},"end":{"line":34,"column":null}},"type":"if","locations":[{"start":{"line":31,"column":67},"end":{"line":34,"column":null}},{"start":{"line":32,"column":67},"end":{"line":34,"column":null}}],"line":31},"6":{"loc":{"start":{"line":32,"column":67},"end":{"line":34,"column":null}},"type":"if","locations":[{"start":{"line":32,"column":67},"end":{"line":34,"column":null}},{"start":{"line":33,"column":59},"end":{"line":34,"column":null}}],"line":32},"7":{"loc":{"start":{"line":33,"column":59},"end":{"line":34,"column":null}},"type":"if","locations":[{"start":{"line":33,"column":59},"end":{"line":34,"column":null}},{"start":{},"end":{}}],"line":33},"8":{"loc":{"start":{"line":39,"column":11},"end":{"line":39,"column":null}},"type":"binary-expr","locations":[{"start":{"line":39,"column":11},"end":{"line":39,"column":26}},{"start":{"line":39,"column":26},"end":{"line":39,"column":null}}],"line":39},"9":{"loc":{"start":{"line":40,"column":15},"end":{"line":40,"column":null}},"type":"binary-expr","locations":[{"start":{"line":40,"column":15},"end":{"line":40,"column":35}},{"start":{"line":40,"column":35},"end":{"line":40,"column":null}}],"line":40},"10":{"loc":{"start":{"line":41,"column":14},"end":{"line":41,"column":null}},"type":"binary-expr","locations":[{"start":{"line":41,"column":14},"end":{"line":41,"column":35}},{"start":{"line":41,"column":35},"end":{"line":41,"column":null}}],"line":41},"11":{"loc":{"start":{"line":42,"column":17},"end":{"line":42,"column":null}},"type":"binary-expr","locations":[{"start":{"line":42,"column":17},"end":{"line":42,"column":31}},{"start":{"line":42,"column":31},"end":{"line":42,"column":null}}],"line":42},"12":{"loc":{"start":{"line":42,"column":34},"end":{"line":42,"column":56}},"type":"binary-expr","locations":[{"start":{"line":42,"column":34},"end":{"line":42,"column":54}},{"start":{"line":42,"column":54},"end":{"line":42,"column":56}}],"line":42},"13":{"loc":{"start":{"line":42,"column":60},"end":{"line":42,"column":83}},"type":"binary-expr","locations":[{"start":{"line":42,"column":60},"end":{"line":42,"column":81}},{"start":{"line":42,"column":81},"end":{"line":42,"column":83}}],"line":42},"14":{"loc":{"start":{"line":43,"column":10},"end":{"line":43,"column":null}},"type":"binary-expr","locations":[{"start":{"line":43,"column":10},"end":{"line":43,"column":26}},{"start":{"line":43,"column":26},"end":{"line":43,"column":null}}],"line":43},"15":{"loc":{"start":{"line":45,"column":12},"end":{"line":45,"column":null}},"type":"binary-expr","locations":[{"start":{"line":45,"column":12},"end":{"line":45,"column":30}},{"start":{"line":45,"column":30},"end":{"line":45,"column":null}}],"line":45},"16":{"loc":{"start":{"line":50,"column":19},"end":{"line":50,"column":null}},"type":"binary-expr","locations":[{"start":{"line":50,"column":19},"end":{"line":50,"column":44}},{"start":{"line":50,"column":44},"end":{"line":50,"column":null}}],"line":50},"17":{"loc":{"start":{"line":149,"column":4},"end":{"line":149,"column":null}},"type":"if","locations":[{"start":{"line":149,"column":4},"end":{"line":149,"column":null}},{"start":{},"end":{}}],"line":149},"18":{"loc":{"start":{"line":153,"column":4},"end":{"line":162,"column":null}},"type":"if","locations":[{"start":{"line":153,"column":4},"end":{"line":162,"column":null}},{"start":{},"end":{}}],"line":153},"19":{"loc":{"start":{"line":153,"column":8},"end":{"line":153,"column":76}},"type":"binary-expr","locations":[{"start":{"line":153,"column":8},"end":{"line":153,"column":40}},{"start":{"line":153,"column":40},"end":{"line":153,"column":76}}],"line":153},"20":{"loc":{"start":{"line":181,"column":6},"end":{"line":214,"column":null}},"type":"if","locations":[{"start":{"line":181,"column":6},"end":{"line":214,"column":null}},{"start":{"line":207,"column":13},"end":{"line":214,"column":null}}],"line":181},"21":{"loc":{"start":{"line":221,"column":15},"end":{"line":221,"column":null}},"type":"binary-expr","locations":[{"start":{"line":221,"column":15},"end":{"line":221,"column":32}},{"start":{"line":221,"column":32},"end":{"line":221,"column":null}}],"line":221},"22":{"loc":{"start":{"line":231,"column":4},"end":{"line":233,"column":null}},"type":"if","locations":[{"start":{"line":231,"column":4},"end":{"line":233,"column":null}},{"start":{},"end":{}}],"line":231},"23":{"loc":{"start":{"line":238,"column":8},"end":{"line":241,"column":null}},"type":"if","locations":[{"start":{"line":238,"column":8},"end":{"line":241,"column":null}},{"start":{},"end":{}}],"line":238},"24":{"loc":{"start":{"line":267,"column":6},"end":{"line":269,"column":null}},"type":"if","locations":[{"start":{"line":267,"column":6},"end":{"line":269,"column":null}},{"start":{},"end":{}}],"line":267},"25":{"loc":{"start":{"line":277,"column":4},"end":{"line":281,"column":null}},"type":"if","locations":[{"start":{"line":277,"column":4},"end":{"line":281,"column":null}},{"start":{},"end":{}}],"line":277},"26":{"loc":{"start":{"line":279,"column":21},"end":{"line":279,"column":null}},"type":"binary-expr","locations":[{"start":{"line":279,"column":21},"end":{"line":279,"column":36}},{"start":{"line":279,"column":36},"end":{"line":279,"column":null}}],"line":279},"27":{"loc":{"start":{"line":288,"column":4},"end":{"line":290,"column":null}},"type":"if","locations":[{"start":{"line":288,"column":4},"end":{"line":290,"column":null}},{"start":{},"end":{}}],"line":288},"28":{"loc":{"start":{"line":294,"column":4},"end":{"line":305,"column":null}},"type":"if","locations":[{"start":{"line":294,"column":4},"end":{"line":305,"column":null}},{"start":{"line":298,"column":11},"end":{"line":305,"column":null}}],"line":294},"29":{"loc":{"start":{"line":296,"column":21},"end":{"line":296,"column":null}},"type":"binary-expr","locations":[{"start":{"line":296,"column":21},"end":{"line":296,"column":36}},{"start":{"line":296,"column":36},"end":{"line":296,"column":null}}],"line":296},"30":{"loc":{"start":{"line":312,"column":4},"end":{"line":312,"column":null}},"type":"if","locations":[{"start":{"line":312,"column":4},"end":{"line":312,"column":null}},{"start":{},"end":{}}],"line":312},"31":{"loc":{"start":{"line":326,"column":4},"end":{"line":326,"column":null}},"type":"if","locations":[{"start":{"line":326,"column":4},"end":{"line":326,"column":null}},{"start":{},"end":{}}],"line":326},"32":{"loc":{"start":{"line":327,"column":11},"end":{"line":327,"column":null}},"type":"binary-expr","locations":[{"start":{"line":327,"column":11},"end":{"line":327,"column":39}},{"start":{"line":327,"column":39},"end":{"line":327,"column":null}}],"line":327},"33":{"loc":{"start":{"line":334,"column":4},"end":{"line":334,"column":null}},"type":"if","locations":[{"start":{"line":334,"column":4},"end":{"line":334,"column":null}},{"start":{},"end":{}}],"line":334},"34":{"loc":{"start":{"line":342,"column":4},"end":{"line":342,"column":null}},"type":"if","locations":[{"start":{"line":342,"column":4},"end":{"line":342,"column":null}},{"start":{},"end":{}}],"line":342},"35":{"loc":{"start":{"line":350,"column":4},"end":{"line":350,"column":null}},"type":"if","locations":[{"start":{"line":350,"column":4},"end":{"line":350,"column":null}},{"start":{},"end":{}}],"line":350},"36":{"loc":{"start":{"line":357,"column":20},"end":{"line":357,"column":null}},"type":"binary-expr","locations":[{"start":{"line":357,"column":20},"end":{"line":357,"column":52}},{"start":{"line":357,"column":52},"end":{"line":357,"column":null}}],"line":357},"37":{"loc":{"start":{"line":363,"column":4},"end":{"line":366,"column":null}},"type":"if","locations":[{"start":{"line":363,"column":4},"end":{"line":366,"column":null}},{"start":{},"end":{}}],"line":363},"38":{"loc":{"start":{"line":369,"column":4},"end":{"line":372,"column":null}},"type":"if","locations":[{"start":{"line":369,"column":4},"end":{"line":372,"column":null}},{"start":{},"end":{}}],"line":369},"39":{"loc":{"start":{"line":401,"column":20},"end":{"line":401,"column":null}},"type":"cond-expr","locations":[{"start":{"line":401,"column":32},"end":{"line":401,"column":57}},{"start":{"line":401,"column":57},"end":{"line":401,"column":null}}],"line":401},"40":{"loc":{"start":{"line":416,"column":2},"end":{"line":418,"column":null}},"type":"if","locations":[{"start":{"line":416,"column":2},"end":{"line":418,"column":null}},{"start":{},"end":{}}],"line":416},"41":{"loc":{"start":{"line":425,"column":31},"end":{"line":425,"column":49}},"type":"default-arg","locations":[{"start":{"line":425,"column":44},"end":{"line":425,"column":49}}],"line":425},"42":{"loc":{"start":{"line":429,"column":4},"end":{"line":431,"column":null}},"type":"if","locations":[{"start":{"line":429,"column":4},"end":{"line":431,"column":null}},{"start":{},"end":{}}],"line":429},"43":{"loc":{"start":{"line":429,"column":8},"end":{"line":429,"column":40}},"type":"binary-expr","locations":[{"start":{"line":429,"column":8},"end":{"line":429,"column":22}},{"start":{"line":429,"column":22},"end":{"line":429,"column":40}}],"line":429}},"s":{"0":3,"1":3,"2":0,"3":0,"4":0,"5":0,"6":0,"7":0,"8":0,"9":0,"10":0,"11":0,"12":0,"13":0,"14":0,"15":0,"16":0,"17":0,"18":0,"19":0,"20":3,"21":3,"22":43,"23":43,"24":43,"25":43,"26":43,"27":25,"28":25,"29":43,"30":18,"31":0,"32":18,"33":18,"34":18,"35":18,"36":18,"37":0,"38":0,"39":0,"40":0,"41":0,"42":0,"43":0,"44":0,"45":0,"46":0,"47":0,"48":0,"49":0,"50":0,"51":0,"52":0,"53":0,"54":43,"55":0,"56":0,"57":0,"58":0,"59":0,"60":0,"61":0,"62":0,"63":0,"64":0,"65":43,"66":18,"67":0,"68":0,"69":43,"70":18,"71":18,"72":18,"73":0,"74":43,"75":0,"76":0,"77":43,"78":1,"79":0,"80":1,"81":1,"82":0,"83":1,"84":43,"85":1,"86":1,"87":0,"88":0,"89":0,"90":0,"91":43,"92":3,"93":0,"94":3,"95":43,"96":6,"97":0,"98":6,"99":43,"100":2,"101":0,"102":2,"103":43,"104":2,"105":0,"106":2,"107":1,"108":43,"109":43,"110":7,"111":0,"112":0,"113":7,"114":7,"115":1,"116":1,"117":6,"118":6,"119":43,"120":43,"121":110,"122":110,"123":2,"124":108,"125":2,"126":2,"127":2,"128":0,"129":2},"f":{"0":0,"1":0,"2":43,"3":25,"4":25,"5":18,"6":0,"7":0,"8":18,"9":0,"10":18,"11":18,"12":0,"13":1,"14":1,"15":3,"16":6,"17":2,"18":2,"19":1,"20":7,"21":110,"22":2,"23":2},"b":{"0":[0],"1":[0,0],"2":[0,0],"3":[0,0],"4":[0,0],"5":[0,0],"6":[0,0],"7":[0,0],"8":[0,0],"9":[0,0],"10":[0,0],"11":[0,0],"12":[0,0],"13":[0,0],"14":[0,0],"15":[0,0],"16":[0,0],"17":[0,18],"18":[18,0],"19":[18,0],"20":[0,0],"21":[0,0],"22":[0,0],"23":[0,0],"24":[0,18],"25":[0,0],"26":[0,0],"27":[0,1],"28":[0,1],"29":[0,0],"30":[1,0],"31":[0,3],"32":[3,2],"33":[0,6],"34":[0,2],"35":[0,2],"36":[43,0],"37":[0,7],"38":[1,6],"39":[43,0],"40":[2,108],"41":[2],"42":[0,2],"43":[2,1]},"meta":{"lastBranch":44,"lastFunction":24,"lastStatement":130,"seen":{"s:6:6:6:Infinity":0,"s:9:21:15:Infinity":1,"f:20:9:20:25":0,"b:20:44:20:50":0,"b:21:2:21:Infinity:undefined:undefined:undefined:undefined":1,"s:21:2:21:Infinity":2,"s:21:29:21:Infinity":3,"s:23:16:23:Infinity":4,"s:24:21:24:Infinity":5,"b:24:21:24:50:24:50:24:Infinity":2,"s:25:22:25:Infinity":6,"b:25:22:25:86:25:86:25:Infinity":3,"s:26:19:26:Infinity":7,"s:29:13:29:Infinity":8,"s:30:26:30:Infinity":9,"f:30:39:30:44":1,"s:30:44:30:59":10,"b:31:2:34:Infinity:31:67:34:Infinity":4,"s:31:2:34:Infinity":11,"s:31:51:31:Infinity":12,"b:31:67:34:Infinity:32:67:34:Infinity":5,"s:31:67:34:Infinity":13,"s:32:51:32:Infinity":14,"b:32:67:34:Infinity:33:59:34:Infinity":6,"s:32:67:34:Infinity":15,"s:33:43:33:Infinity":16,"b:33:59:34:Infinity:undefined:undefined:undefined:undefined":7,"s:33:59:34:Infinity":17,"s:34:48:34:Infinity":18,"s:36:2:51:Infinity":19,"b:39:11:39:26:39:26:39:Infinity":8,"b:40:15:40:35:40:35:40:Infinity":9,"b:41:14:41:35:41:35:41:Infinity":10,"b:42:17:42:31:42:31:42:Infinity":11,"b:42:34:42:54:42:54:42:56":12,"b:42:60:42:81:42:81:42:83":13,"b:43:10:43:26:43:26:43:Infinity":14,"b:45:12:45:30:45:30:45:Infinity":15,"b:50:19:50:44:50:44:50:Infinity":16,"s:57:18:126:Infinity":20,"s:129:17:129:Infinity":21,"f:131:16:131:29":2,"s:132:24:132:Infinity":22,"s:133:8:133:Infinity":23,"s:134:8:134:Infinity":24,"s:135:8:135:Infinity":25,"s:140:8:142:Infinity":26,"f:140:34:140:35":3,"s:141:4:141:Infinity":27,"f:141:13:141:22":4,"s:141:22:141:46":28,"s:147:8:224:Infinity":29,"f:147:35:147:47":5,"b:149:4:149:Infinity:undefined:undefined:undefined:undefined":17,"s:149:4:149:Infinity":30,"s:149:33:149:Infinity":31,"s:150:4:150:Infinity":32,"b:153:4:162:Infinity:undefined:undefined:undefined:undefined":18,"s:153:4:162:Infinity":33,"b:153:8:153:40:153:40:153:76":19,"s:154:6:154:Infinity":34,"s:155:6:160:Infinity":35,"s:161:6:161:Infinity":36,"s:164:4:223:Infinity":37,"s:166:23:170:Infinity":38,"s:172:6:172:Infinity":39,"s:175:28:179:Infinity":40,"b:181:6:214:Infinity:207:13:214:Infinity":20,"s:181:6:214:Infinity":41,"s:183:8:183:Infinity":42,"s:186:8:186:Infinity":43,"s:189:21:189:Infinity":44,"s:190:8:194:Infinity":45,"s:191:10:191:Infinity":46,"s:193:10:193:Infinity":47,"s:196:21:196:Infinity":48,"s:198:8:204:Infinity":49,"s:206:8:206:Infinity":50,"s:208:8:213:Infinity":51,"s:216:6:216:Infinity":52,"s:217:6:222:Infinity":53,"b:221:15:221:32:221:32:221:Infinity":21,"s:229:8:248:Infinity":54,"f:229:40:229:41":6,"b:231:4:233:Infinity:undefined:undefined:undefined:undefined":22,"s:231:4:233:Infinity":55,"s:232:6:232:Infinity":56,"s:235:4:247:Infinity":57,"f:235:45:235:57":7,"s:236:6:246:Infinity":58,"s:237:26:237:Infinity":59,"b:238:8:241:Infinity:undefined:undefined:undefined:undefined":23,"s:238:8:241:Infinity":60,"s:239:10:239:Infinity":61,"s:240:10:240:Infinity":62,"s:243:8:243:Infinity":63,"s:245:8:245:Infinity":64,"s:253:2:258:Infinity":65,"f:253:12:253:18":8,"s:254:4:257:Infinity":66,"f:254:32:254:38":9,"s:255:6:255:Infinity":67,"s:256:6:256:Infinity":68,"s:263:2:271:Infinity":69,"f:263:12:263:18":10,"s:264:4:264:Infinity":70,"s:266:4:270:Infinity":71,"f:266:11:266:17":11,"b:267:6:269:Infinity:undefined:undefined:undefined:undefined":24,"s:267:6:269:Infinity":72,"s:268:8:268:Infinity":73,"s:276:8:282:Infinity":74,"f:276:28:276:35":12,"b:277:4:281:Infinity:undefined:undefined:undefined:undefined":25,"s:277:4:281:Infinity":75,"s:278:6:280:Infinity":76,"b:279:21:279:36:279:36:279:Infinity":26,"s:287:8:306:Infinity":77,"f:287:29:287:36":13,"b:288:4:290:Infinity:undefined:undefined:undefined:undefined":27,"s:288:4:290:Infinity":78,"s:289:6:289:Infinity":79,"s:292:4:292:Infinity":80,"b:294:4:305:Infinity:298:11:305:Infinity":28,"s:294:4:305:Infinity":81,"s:295:6:297:Infinity":82,"b:296:21:296:36:296:36:296:Infinity":29,"s:300:6:304:Infinity":83,"s:311:8:320:Infinity":84,"f:311:37:311:49":14,"b:312:4:312:Infinity:undefined:undefined:undefined:undefined":30,"s:312:4:312:Infinity":85,"s:312:30:312:Infinity":86,"s:314:4:319:Infinity":87,"s:315:6:315:Infinity":88,"s:316:6:316:Infinity":89,"s:318:6:318:Infinity":90,"s:325:8:328:Infinity":91,"f:325:30:325:31":15,"b:326:4:326:Infinity:undefined:undefined:undefined:undefined":31,"s:326:4:326:Infinity":92,"s:326:21:326:Infinity":93,"s:327:4:327:Infinity":94,"b:327:11:327:39:327:39:327:Infinity":32,"s:333:8:336:Infinity":95,"f:333:33:333:34":16,"b:334:4:334:Infinity:undefined:undefined:undefined:undefined":33,"s:334:4:334:Infinity":96,"s:334:21:334:Infinity":97,"s:335:4:335:Infinity":98,"s:341:8:344:Infinity":99,"f:341:31:341:32":17,"b:342:4:342:Infinity:undefined:undefined:undefined:undefined":34,"s:342:4:342:Infinity":100,"s:342:21:342:Infinity":101,"s:343:4:343:Infinity":102,"s:349:8:352:Infinity":103,"f:349:34:349:35":18,"b:350:4:350:Infinity:undefined:undefined:undefined:undefined":35,"s:350:4:350:Infinity":104,"s:350:21:350:Infinity":105,"s:351:4:351:Infinity":106,"f:351:42:351:48":19,"s:351:48:351:64":107,"s:357:20:357:Infinity":108,"b:357:20:357:52:357:52:357:Infinity":36,"s:362:8:378:Infinity":109,"f:362:36:362:37":20,"b:363:4:366:Infinity:undefined:undefined:undefined:undefined":37,"s:363:4:366:Infinity":110,"s:364:6:364:Infinity":111,"s:365:6:365:Infinity":112,"s:368:20:368:Infinity":113,"b:369:4:372:Infinity:undefined:undefined:undefined:undefined":38,"s:369:4:372:Infinity":114,"s:370:6:370:Infinity":115,"s:371:6:371:Infinity":116,"s:374:4:374:Infinity":117,"s:375:4:377:Infinity":118,"s:380:16:402:Infinity":119,"b:401:32:401:57:401:57:401:Infinity":39,"s:404:2:407:Infinity":120,"f:414:16:414:26":21,"s:415:8:415:Infinity":121,"b:416:2:418:Infinity:undefined:undefined:undefined:undefined":40,"s:416:2:418:Infinity":122,"s:417:4:417:Infinity":123,"s:419:2:419:Infinity":124,"f:425:16:425:31":22,"b:425:44:425:49":41,"s:426:48:426:Infinity":125,"s:428:2:432:Infinity":126,"f:428:12:428:18":23,"b:429:4:431:Infinity:undefined:undefined:undefined:undefined":42,"s:429:4:431:Infinity":127,"b:429:8:429:22:429:22:429:40":43,"s:430:6:430:Infinity":128,"s:434:2:434:Infinity":129}}}
,"C:\\Users\\s.vanas\\Projects\\tss_ppm\\hr-performance-app\\src\\contexts\\FormContext.jsx": {"path":"C:\\Users\\s.vanas\\Projects\\tss_ppm\\hr-performance-app\\src\\contexts\\FormContext.jsx","statementMap":{"0":{"start":{"line":6,"column":6},"end":{"line":6,"column":null}},"1":{"start":{"line":12,"column":2},"end":{"line":38,"column":null}},"2":{"start":{"line":47,"column":2},"end":{"line":49,"column":null}},"3":{"start":{"line":48,"column":4},"end":{"line":48,"column":null}},"4":{"start":{"line":50,"column":2},"end":{"line":52,"column":null}},"5":{"start":{"line":51,"column":4},"end":{"line":51,"column":null}},"6":{"start":{"line":51,"column":28},"end":{"line":51,"column":50}},"7":{"start":{"line":53,"column":2},"end":{"line":59,"column":null}},"8":{"start":{"line":54,"column":22},"end":{"line":54,"column":null}},"9":{"start":{"line":55,"column":4},"end":{"line":57,"column":null}},"10":{"start":{"line":56,"column":6},"end":{"line":56,"column":null}},"11":{"start":{"line":58,"column":4},"end":{"line":58,"column":null}},"12":{"start":{"line":60,"column":2},"end":{"line":60,"column":null}},"13":{"start":{"line":64,"column":30},"end":{"line":64,"column":null}},"14":{"start":{"line":65,"column":28},"end":{"line":65,"column":null}},"15":{"start":{"line":66,"column":46},"end":{"line":66,"column":null}},"16":{"start":{"line":69,"column":8},"end":{"line":75,"column":null}},"17":{"start":{"line":70,"column":4},"end":{"line":73,"column":null}},"18":{"start":{"line":71,"column":22},"end":{"line":71,"column":null}},"19":{"start":{"line":72,"column":6},"end":{"line":72,"column":null}},"20":{"start":{"line":74,"column":4},"end":{"line":74,"column":null}},"21":{"start":{"line":78,"column":8},"end":{"line":86,"column":null}},"22":{"start":{"line":79,"column":4},"end":{"line":84,"column":null}},"23":{"start":{"line":79,"column":25},"end":{"line":84,"column":6}},"24":{"start":{"line":82,"column":8},"end":{"line":82,"column":null}},"25":{"start":{"line":85,"column":4},"end":{"line":85,"column":null}},"26":{"start":{"line":89,"column":8},"end":{"line":98,"column":null}},"27":{"start":{"line":90,"column":4},"end":{"line":96,"column":null}},"28":{"start":{"line":91,"column":6},"end":{"line":91,"column":null}},"29":{"start":{"line":91,"column":34},"end":{"line":91,"column":null}},"30":{"start":{"line":92,"column":6},"end":{"line":95,"column":null}},"31":{"start":{"line":97,"column":4},"end":{"line":97,"column":null}},"32":{"start":{"line":101,"column":8},"end":{"line":110,"column":null}},"33":{"start":{"line":102,"column":4},"end":{"line":108,"column":null}},"34":{"start":{"line":103,"column":6},"end":{"line":103,"column":null}},"35":{"start":{"line":103,"column":34},"end":{"line":103,"column":null}},"36":{"start":{"line":104,"column":6},"end":{"line":107,"column":null}},"37":{"start":{"line":106,"column":41},"end":{"line":106,"column":59}},"38":{"start":{"line":109,"column":4},"end":{"line":109,"column":null}},"39":{"start":{"line":113,"column":8},"end":{"line":121,"column":null}},"40":{"start":{"line":114,"column":4},"end":{"line":119,"column":null}},"41":{"start":{"line":115,"column":23},"end":{"line":115,"column":null}},"42":{"start":{"line":116,"column":26},"end":{"line":116,"column":null}},"43":{"start":{"line":117,"column":6},"end":{"line":117,"column":null}},"44":{"start":{"line":118,"column":6},"end":{"line":118,"column":null}},"45":{"start":{"line":120,"column":4},"end":{"line":120,"column":null}},"46":{"start":{"line":124,"column":8},"end":{"line":133,"column":null}},"47":{"start":{"line":125,"column":4},"end":{"line":131,"column":null}},"48":{"start":{"line":125,"column":25},"end":{"line":131,"column":6}},"49":{"start":{"line":132,"column":4},"end":{"line":132,"column":null}},"50":{"start":{"line":136,"column":8},"end":{"line":145,"column":null}},"51":{"start":{"line":137,"column":4},"end":{"line":143,"column":null}},"52":{"start":{"line":137,"column":25},"end":{"line":143,"column":6}},"53":{"start":{"line":144,"column":4},"end":{"line":144,"column":null}},"54":{"start":{"line":148,"column":8},"end":{"line":160,"column":null}},"55":{"start":{"line":149,"column":4},"end":{"line":158,"column":null}},"56":{"start":{"line":149,"column":25},"end":{"line":158,"column":6}},"57":{"start":{"line":159,"column":4},"end":{"line":159,"column":null}},"58":{"start":{"line":163,"column":8},"end":{"line":169,"column":null}},"59":{"start":{"line":164,"column":4},"end":{"line":167,"column":null}},"60":{"start":{"line":164,"column":25},"end":{"line":167,"column":6}},"61":{"start":{"line":168,"column":4},"end":{"line":168,"column":null}},"62":{"start":{"line":172,"column":8},"end":{"line":182,"column":null}},"63":{"start":{"line":173,"column":4},"end":{"line":180,"column":null}},"64":{"start":{"line":174,"column":32},"end":{"line":174,"column":null}},"65":{"start":{"line":175,"column":6},"end":{"line":175,"column":null}},"66":{"start":{"line":176,"column":6},"end":{"line":179,"column":null}},"67":{"start":{"line":181,"column":4},"end":{"line":181,"column":null}},"68":{"start":{"line":185,"column":8},"end":{"line":189,"column":null}},"69":{"start":{"line":186,"column":4},"end":{"line":186,"column":null}},"70":{"start":{"line":187,"column":4},"end":{"line":187,"column":null}},"71":{"start":{"line":188,"column":4},"end":{"line":188,"column":null}},"72":{"start":{"line":192,"column":8},"end":{"line":196,"column":null}},"73":{"start":{"line":193,"column":10},"end":{"line":193,"column":null}},"74":{"start":{"line":194,"column":4},"end":{"line":194,"column":null}},"75":{"start":{"line":195,"column":4},"end":{"line":195,"column":null}},"76":{"start":{"line":199,"column":8},"end":{"line":199,"column":null}},"77":{"start":{"line":201,"column":16},"end":{"line":218,"column":null}},"78":{"start":{"line":220,"column":2},"end":{"line":223,"column":null}},"79":{"start":{"line":228,"column":8},"end":{"line":228,"column":null}},"80":{"start":{"line":229,"column":2},"end":{"line":231,"column":null}},"81":{"start":{"line":230,"column":4},"end":{"line":230,"column":null}},"82":{"start":{"line":232,"column":2},"end":{"line":232,"column":null}}},"fnMap":{"0":{"name":"createInitialFormData","decl":{"start":{"line":11,"column":9},"end":{"line":11,"column":33}},"loc":{"start":{"line":11,"column":33},"end":{"line":39,"column":null}},"line":11},"1":{"name":"sanitizeFormData","decl":{"start":{"line":46,"column":9},"end":{"line":46,"column":26}},"loc":{"start":{"line":46,"column":32},"end":{"line":61,"column":null}},"line":46},"2":{"name":"(anonymous_2)","decl":{"start":{"line":51,"column":20},"end":{"line":51,"column":28}},"loc":{"start":{"line":51,"column":28},"end":{"line":51,"column":50}},"line":51},"3":{"name":"FormProvider","decl":{"start":{"line":63,"column":16},"end":{"line":63,"column":29}},"loc":{"start":{"line":63,"column":43},"end":{"line":225,"column":null}},"line":63},"4":{"name":"(anonymous_4)","decl":{"start":{"line":69,"column":37},"end":{"line":69,"column":38}},"loc":{"start":{"line":69,"column":50},"end":{"line":75,"column":5}},"line":69},"5":{"name":"(anonymous_5)","decl":{"start":{"line":70,"column":16},"end":{"line":70,"column":24}},"loc":{"start":{"line":70,"column":24},"end":{"line":73,"column":5}},"line":70},"6":{"name":"(anonymous_6)","decl":{"start":{"line":78,"column":33},"end":{"line":78,"column":34}},"loc":{"start":{"line":78,"column":54},"end":{"line":86,"column":5}},"line":78},"7":{"name":"(anonymous_7)","decl":{"start":{"line":79,"column":16},"end":{"line":79,"column":25}},"loc":{"start":{"line":79,"column":25},"end":{"line":84,"column":6}},"line":79},"8":{"name":"(anonymous_8)","decl":{"start":{"line":81,"column":28},"end":{"line":81,"column":null}},"loc":{"start":{"line":82,"column":8},"end":{"line":82,"column":null}},"line":82},"9":{"name":"(anonymous_9)","decl":{"start":{"line":89,"column":30},"end":{"line":89,"column":31}},"loc":{"start":{"line":89,"column":57},"end":{"line":98,"column":5}},"line":89},"10":{"name":"(anonymous_10)","decl":{"start":{"line":90,"column":16},"end":{"line":90,"column":24}},"loc":{"start":{"line":90,"column":24},"end":{"line":96,"column":5}},"line":90},"11":{"name":"(anonymous_11)","decl":{"start":{"line":101,"column":33},"end":{"line":101,"column":34}},"loc":{"start":{"line":101,"column":45},"end":{"line":110,"column":5}},"line":101},"12":{"name":"(anonymous_12)","decl":{"start":{"line":102,"column":16},"end":{"line":102,"column":24}},"loc":{"start":{"line":102,"column":24},"end":{"line":108,"column":5}},"line":102},"13":{"name":"(anonymous_13)","decl":{"start":{"line":106,"column":33},"end":{"line":106,"column":41}},"loc":{"start":{"line":106,"column":41},"end":{"line":106,"column":59}},"line":106},"14":{"name":"(anonymous_14)","decl":{"start":{"line":113,"column":35},"end":{"line":113,"column":36}},"loc":{"start":{"line":113,"column":59},"end":{"line":121,"column":5}},"line":113},"15":{"name":"(anonymous_15)","decl":{"start":{"line":114,"column":16},"end":{"line":114,"column":24}},"loc":{"start":{"line":114,"column":24},"end":{"line":119,"column":5}},"line":114},"16":{"name":"(anonymous_16)","decl":{"start":{"line":124,"column":44},"end":{"line":124,"column":45}},"loc":{"start":{"line":124,"column":69},"end":{"line":133,"column":5}},"line":124},"17":{"name":"(anonymous_17)","decl":{"start":{"line":125,"column":16},"end":{"line":125,"column":25}},"loc":{"start":{"line":125,"column":25},"end":{"line":131,"column":6}},"line":125},"18":{"name":"(anonymous_18)","decl":{"start":{"line":136,"column":43},"end":{"line":136,"column":44}},"loc":{"start":{"line":136,"column":67},"end":{"line":145,"column":5}},"line":136},"19":{"name":"(anonymous_19)","decl":{"start":{"line":137,"column":16},"end":{"line":137,"column":25}},"loc":{"start":{"line":137,"column":25},"end":{"line":143,"column":6}},"line":137},"20":{"name":"(anonymous_20)","decl":{"start":{"line":148,"column":42},"end":{"line":148,"column":43}},"loc":{"start":{"line":148,"column":82},"end":{"line":160,"column":5}},"line":148},"21":{"name":"(anonymous_21)","decl":{"start":{"line":149,"column":16},"end":{"line":149,"column":25}},"loc":{"start":{"line":149,"column":25},"end":{"line":158,"column":6}},"line":149},"22":{"name":"(anonymous_22)","decl":{"start":{"line":163,"column":46},"end":{"line":163,"column":47}},"loc":{"start":{"line":163,"column":59},"end":{"line":169,"column":5}},"line":163},"23":{"name":"(anonymous_23)","decl":{"start":{"line":164,"column":16},"end":{"line":164,"column":25}},"loc":{"start":{"line":164,"column":25},"end":{"line":167,"column":6}},"line":164},"24":{"name":"(anonymous_24)","decl":{"start":{"line":172,"column":42},"end":{"line":172,"column":43}},"loc":{"start":{"line":172,"column":60},"end":{"line":182,"column":5}},"line":172},"25":{"name":"(anonymous_25)","decl":{"start":{"line":173,"column":16},"end":{"line":173,"column":24}},"loc":{"start":{"line":173,"column":24},"end":{"line":180,"column":5}},"line":173},"26":{"name":"(anonymous_26)","decl":{"start":{"line":185,"column":32},"end":{"line":185,"column":38}},"loc":{"start":{"line":185,"column":38},"end":{"line":189,"column":5}},"line":185},"27":{"name":"(anonymous_27)","decl":{"start":{"line":192,"column":31},"end":{"line":192,"column":37}},"loc":{"start":{"line":192,"column":37},"end":{"line":196,"column":5}},"line":192},"28":{"name":"useForm","decl":{"start":{"line":227,"column":16},"end":{"line":227,"column":26}},"loc":{"start":{"line":227,"column":26},"end":{"line":233,"column":null}},"line":227}},"branchMap":{"0":{"loc":{"start":{"line":47,"column":2},"end":{"line":49,"column":null}},"type":"if","locations":[{"start":{"line":47,"column":2},"end":{"line":49,"column":null}},{"start":{},"end":{}}],"line":47},"1":{"loc":{"start":{"line":50,"column":2},"end":{"line":52,"column":null}},"type":"if","locations":[{"start":{"line":50,"column":2},"end":{"line":52,"column":null}},{"start":{},"end":{}}],"line":50},"2":{"loc":{"start":{"line":53,"column":2},"end":{"line":59,"column":null}},"type":"if","locations":[{"start":{"line":53,"column":2},"end":{"line":59,"column":null}},{"start":{},"end":{}}],"line":53},"3":{"loc":{"start":{"line":53,"column":6},"end":{"line":53,"column":49}},"type":"binary-expr","locations":[{"start":{"line":53,"column":6},"end":{"line":53,"column":23}},{"start":{"line":53,"column":23},"end":{"line":53,"column":49}}],"line":53},"4":{"loc":{"start":{"line":71,"column":22},"end":{"line":71,"column":null}},"type":"cond-expr","locations":[{"start":{"line":71,"column":54},"end":{"line":71,"column":70}},{"start":{"line":71,"column":70},"end":{"line":71,"column":null}}],"line":71},"5":{"loc":{"start":{"line":82,"column":8},"end":{"line":82,"column":null}},"type":"cond-expr","locations":[{"start":{"line":82,"column":29},"end":{"line":82,"column":55}},{"start":{"line":82,"column":55},"end":{"line":82,"column":null}}],"line":82},"6":{"loc":{"start":{"line":89,"column":31},"end":{"line":89,"column":57}},"type":"default-arg","locations":[{"start":{"line":89,"column":42},"end":{"line":89,"column":57}}],"line":89},"7":{"loc":{"start":{"line":91,"column":6},"end":{"line":91,"column":null}},"type":"if","locations":[{"start":{"line":91,"column":6},"end":{"line":91,"column":null}},{"start":{},"end":{}}],"line":91},"8":{"loc":{"start":{"line":103,"column":6},"end":{"line":103,"column":null}},"type":"if","locations":[{"start":{"line":103,"column":6},"end":{"line":103,"column":null}},{"start":{},"end":{}}],"line":103},"9":{"loc":{"start":{"line":154,"column":14},"end":{"line":154,"column":null}},"type":"binary-expr","locations":[{"start":{"line":154,"column":14},"end":{"line":154,"column":53}},{"start":{"line":154,"column":53},"end":{"line":154,"column":null}}],"line":154},"10":{"loc":{"start":{"line":229,"column":2},"end":{"line":231,"column":null}},"type":"if","locations":[{"start":{"line":229,"column":2},"end":{"line":231,"column":null}},{"start":{},"end":{}}],"line":229}},"s":{"0":3,"1":56,"2":0,"3":0,"4":0,"5":0,"6":0,"7":0,"8":0,"9":0,"10":0,"11":0,"12":0,"13":109,"14":109,"15":109,"16":109,"17":8,"18":8,"19":8,"20":8,"21":109,"22":6,"23":6,"24":13,"25":6,"26":109,"27":20,"28":20,"29":1,"30":19,"31":20,"32":109,"33":3,"34":3,"35":1,"36":2,"37":4,"38":3,"39":109,"40":2,"41":2,"42":2,"43":2,"44":2,"45":2,"46":109,"47":6,"48":6,"49":6,"50":109,"51":2,"52":2,"53":2,"54":109,"55":9,"56":9,"57":9,"58":109,"59":3,"60":3,"61":3,"62":109,"63":2,"64":2,"65":2,"66":2,"67":2,"68":109,"69":3,"70":3,"71":3,"72":109,"73":3,"74":3,"75":3,"76":109,"77":109,"78":109,"79":110,"80":110,"81":2,"82":108},"f":{"0":56,"1":0,"2":0,"3":109,"4":8,"5":8,"6":6,"7":6,"8":13,"9":20,"10":20,"11":3,"12":3,"13":4,"14":2,"15":2,"16":6,"17":6,"18":2,"19":2,"20":9,"21":9,"22":3,"23":3,"24":2,"25":2,"26":3,"27":3,"28":110},"b":{"0":[0,0],"1":[0,0],"2":[0,0],"3":[0,0],"4":[1,7],"5":[6,7],"6":[20],"7":[1,19],"8":[1,2],"9":[9,6],"10":[2,108]},"meta":{"lastBranch":11,"lastFunction":29,"lastStatement":83,"seen":{"s:6:6:6:Infinity":0,"f:11:9:11:33":0,"s:12:2:38:Infinity":1,"f:46:9:46:26":1,"b:47:2:49:Infinity:undefined:undefined:undefined:undefined":0,"s:47:2:49:Infinity":2,"s:48:4:48:Infinity":3,"b:50:2:52:Infinity:undefined:undefined:undefined:undefined":1,"s:50:2:52:Infinity":4,"s:51:4:51:Infinity":5,"f:51:20:51:28":2,"s:51:28:51:50":6,"b:53:2:59:Infinity:undefined:undefined:undefined:undefined":2,"s:53:2:59:Infinity":7,"b:53:6:53:23:53:23:53:49":3,"s:54:22:54:Infinity":8,"s:55:4:57:Infinity":9,"s:56:6:56:Infinity":10,"s:58:4:58:Infinity":11,"s:60:2:60:Infinity":12,"f:63:16:63:29":3,"s:64:30:64:Infinity":13,"s:65:28:65:Infinity":14,"s:66:46:66:Infinity":15,"s:69:8:75:Infinity":16,"f:69:37:69:38":4,"s:70:4:73:Infinity":17,"f:70:16:70:24":5,"s:71:22:71:Infinity":18,"b:71:54:71:70:71:70:71:Infinity":4,"s:72:6:72:Infinity":19,"s:74:4:74:Infinity":20,"s:78:8:86:Infinity":21,"f:78:33:78:34":6,"s:79:4:84:Infinity":22,"f:79:16:79:25":7,"s:79:25:84:6":23,"f:81:28:81:Infinity":8,"s:82:8:82:Infinity":24,"b:82:29:82:55:82:55:82:Infinity":5,"s:85:4:85:Infinity":25,"s:89:8:98:Infinity":26,"f:89:30:89:31":9,"b:89:42:89:57":6,"s:90:4:96:Infinity":27,"f:90:16:90:24":10,"b:91:6:91:Infinity:undefined:undefined:undefined:undefined":7,"s:91:6:91:Infinity":28,"s:91:34:91:Infinity":29,"s:92:6:95:Infinity":30,"s:97:4:97:Infinity":31,"s:101:8:110:Infinity":32,"f:101:33:101:34":11,"s:102:4:108:Infinity":33,"f:102:16:102:24":12,"b:103:6:103:Infinity:undefined:undefined:undefined:undefined":8,"s:103:6:103:Infinity":34,"s:103:34:103:Infinity":35,"s:104:6:107:Infinity":36,"f:106:33:106:41":13,"s:106:41:106:59":37,"s:109:4:109:Infinity":38,"s:113:8:121:Infinity":39,"f:113:35:113:36":14,"s:114:4:119:Infinity":40,"f:114:16:114:24":15,"s:115:23:115:Infinity":41,"s:116:26:116:Infinity":42,"s:117:6:117:Infinity":43,"s:118:6:118:Infinity":44,"s:120:4:120:Infinity":45,"s:124:8:133:Infinity":46,"f:124:44:124:45":16,"s:125:4:131:Infinity":47,"f:125:16:125:25":17,"s:125:25:131:6":48,"s:132:4:132:Infinity":49,"s:136:8:145:Infinity":50,"f:136:43:136:44":18,"s:137:4:143:Infinity":51,"f:137:16:137:25":19,"s:137:25:143:6":52,"s:144:4:144:Infinity":53,"s:148:8:160:Infinity":54,"f:148:42:148:43":20,"s:149:4:158:Infinity":55,"f:149:16:149:25":21,"s:149:25:158:6":56,"b:154:14:154:53:154:53:154:Infinity":9,"s:159:4:159:Infinity":57,"s:163:8:169:Infinity":58,"f:163:46:163:47":22,"s:164:4:167:Infinity":59,"f:164:16:164:25":23,"s:164:25:167:6":60,"s:168:4:168:Infinity":61,"s:172:8:182:Infinity":62,"f:172:42:172:43":24,"s:173:4:180:Infinity":63,"f:173:16:173:24":25,"s:174:32:174:Infinity":64,"s:175:6:175:Infinity":65,"s:176:6:179:Infinity":66,"s:181:4:181:Infinity":67,"s:185:8:189:Infinity":68,"f:185:32:185:38":26,"s:186:4:186:Infinity":69,"s:187:4:187:Infinity":70,"s:188:4:188:Infinity":71,"s:192:8:196:Infinity":72,"f:192:31:192:37":27,"s:193:10:193:Infinity":73,"s:194:4:194:Infinity":74,"s:195:4:195:Infinity":75,"s:199:8:199:Infinity":76,"s:201:16:218:Infinity":77,"s:220:2:223:Infinity":78,"f:227:16:227:26":28,"s:228:8:228:Infinity":79,"b:229:2:231:Infinity:undefined:undefined:undefined:undefined":10,"s:229:2:231:Infinity":80,"s:230:4:230:Infinity":81,"s:232:2:232:Infinity":82}}}
[...]
"line":278,"column":51},"end":{"line":278,"column":52}}],"line":278},"43":{"loc":{"start":{"line":288,"column":2},"end":{"line":288,"column":35}},"type":"if","locations":[{"start":{"line":288,"column":2},"end":{"line":288,"column":35}},{"start":{},"end":{}}],"line":288},"44":{"loc":{"start":{"line":290,"column":59},"end":{"line":290,"column":88}},"type":"binary-expr","locations":[{"start":{"line":290,"column":59},"end":{"line":290,"column":69}},{"start":{"line":290,"column":73},"end":{"line":290,"column":88}}],"line":290},"45":{"loc":{"start":{"line":293,"column":2},"end":{"line":293,"column":51}},"type":"if","locations":[{"start":{"line":293,"column":2},"end":{"line":293,"column":51}},{"start":{},"end":{}}],"line":293},"46":{"loc":{"start":{"line":305,"column":11},"end":{"line":305,"column":63}},"type":"cond-expr","locations":[{"start":{"line":305,"column":21},"end":{"line":305,"column":22}},{"start":{"line":305,"column":25},"end":{"line":305,"column":63}}],"line":305},"47":{"loc":{"start":{"line":318,"column":2},"end":{"line":318,"column":36}},"type":"if","locations":[{"start":{"line":318,"column":2},"end":{"line":318,"column":36}},{"start":{},"end":{}}],"line":318},"48":{"loc":{"start":{"line":319,"column":59},"end":{"line":319,"column":88}},"type":"binary-expr","locations":[{"start":{"line":319,"column":59},"end":{"line":319,"column":69}},{"start":{"line":319,"column":73},"end":{"line":319,"column":88}}],"line":319}},"s":{"0":5,"1":5,"2":80,"3":96,"4":80,"5":2,"6":80,"7":1,"8":79,"9":93,"10":79,"11":39,"12":40,"13":78,"14":40,"15":0,"16":40,"17":78,"18":40,"19":0,"20":0,"21":79,"22":103,"23":79,"24":75,"25":4,"26":22,"27":1,"28":3,"29":18,"30":3,"31":14,"32":14,"33":8,"34":2,"35":6,"36":73,"37":3,"38":70,"39":70,"40":17,"41":31,"42":17,"43":1,"44":16,"45":29,"46":16,"47":3,"48":5,"49":4,"50":9,"51":9,"52":4,"53":9,"54":3,"55":9,"56":3,"57":9,"58":4,"59":9,"60":3,"61":9,"62":13,"63":9,"64":4,"65":5,"66":10,"67":5,"68":10,"69":5,"70":0,"71":5,"72":0,"73":5,"74":1,"75":9,"76":5,"77":5,"78":26,"79":5,"80":1,"81":9,"82":114,"83":114,"84":114,"85":570,"86":114,"87":114,"88":172,"89":114,"90":7,"91":11,"92":7,"93":11,"94":7,"95":7,"96":7,"97":114,"98":4,"99":4,"100":6,"101":4,"102":114,"103":2,"104":114,"105":0,"106":0,"107":0,"108":0,"109":0,"110":0,"111":0,"112":0,"113":0,"114":0,"115":0,"116":0,"117":0,"118":0,"119":0,"120":0,"121":0,"122":0,"123":0,"124":0,"125":0,"126":0,"127":0},"f":{"0":80,"1":96,"2":2,"3":93,"4":78,"5":78,"6":0,"7":79,"8":103,"9":22,"10":18,"11":14,"12":8,"13":73,"14":17,"15":31,"16":29,"17":3,"18":5,"19":4,"20":9,"21":13,"22":10,"23":10,"24":26,"25":114,"26":570,"27":172,"28":11,"29":11,"30":6,"31":0,"32":0,"33":0,"34":0,"35":0,"36":0,"37":0,"38":0,"39":0,"40":0,"41":0,"42":0},"b":{"0":[96,2],"1":[1,79],"2":[93,92,83,79],"3":[39,40],"4":[0,40],"5":[0,0],"6":[103,102],"7":[75,4],"8":[1,3],"9":[14,10],"10":[2,6],"11":[8,7],"12":[3,70],"13":[73,71],"14":[70,0],"15":[1,16],"16":[29,8],"17":[4,2],"18":[4,5],"19":[3,6],"20":[3,6],"21":[4,5],"22":[3,6],"23":[9,0],"24":[4,5],"25":[0,5],"26":[0,5],"27":[1,4],"28":[5,4],"29":[5,0],"30":[26,26],"31":[1,4],"32":[114,3],"33":[7,107],"34":[2,5],"35":[4,110],"36":[4,1],"37":[6,6],"38":[2,112],"39":[0,0],"40":[0,0],"41":[0,0],"42":[0,0],"43":[0,0],"44":[0,0],"45":[0,0],"46":[0,0],"47":[0,0],"48":[0,0]},"meta":{"lastBranch":49,"lastFunction":43,"lastStatement":128,"seen":{"s:6:26:10:1":0,"s:15:26:18:1":1,"f:26:16:26:34":0,"s:28:19:28:86":2,"f:28:32:28:33":1,"s:28:37:28:85":3,"b:28:37:28:66:28:70:28:85":0,"s:29:21:29:71":4,"f:29:35:29:36":2,"s:29:40:29:70":5,"b:32:2:34:3:undefined:undefined:undefined:undefined":1,"s:32:2:34:3":6,"s:33:4:33:45":7,"s:37:21:42:3":8,"f:37:34:37:35":3,"s:38:4:41:12":9,"b:38:4:38:33:39:4:39:19:40:4:40:11:41:4:41:12":2,"b:44:2:44:43:undefined:undefined:undefined:undefined":3,"s:44:2:44:43":10,"s:44:31:44:43":11,"s:46:22:46:78":12,"f:46:40:46:41":4,"s:46:52:46:74":13,"b:48:2:48:37:undefined:undefined:undefined:undefined":4,"s:48:2:48:37":14,"s:48:25:48:37":15,"s:50:22:52:7":16,"f:50:40:50:41":5,"s:51:4:51:54":17,"s:54:2:54:65":18,"f:62:16:62:33":6,"s:63:17:63:42":19,"s:64:2:64:38":20,"b:64:18:64:30:64:33:64:37":5,"f:74:16:74:33":7,"s:75:17:75:91":21,"f:75:56:75:57":8,"s:75:61:75:90":22,"b:75:61:75:71:75:75:75:90":6,"b:77:2:77:39:undefined:undefined:undefined:undefined":7,"s:77:2:77:39":23,"s:77:27:77:39":24,"b:80:2:82:3:undefined:undefined:undefined:undefined":8,"s:80:2:82:3":25,"f:80:18:80:19":9,"s:80:23:80:38":26,"s:81:4:81:16":27,"s:84:14:84:59":28,"f:84:28:84:29":10,"s:84:40:84:55":29,"s:85:2:85:17":30,"f:94:16:94:30":11,"s:95:18:95:44":31,"s:96:2:96:32":32,"b:96:9:96:23:96:27:96:31":9,"f:104:16:104:35":12,"b:105:2:105:57:undefined:undefined:undefined:undefined":10,"s:105:2:105:57":33,"b:105:6:105:20:105:24:105:43":11,"s:105:45:105:57":34,"s:106:2:106:27":35,"f:115:16:115:28":13,"b:116:2:116:44:undefined:undefined:undefined:undefined":12,"s:116:2:116:44":36,"b:116:6:116:14:116:18:116:25":13,"s:116:27:116:44":37,"s:118:19:128:3":38,"s:130:2:130:55":39,"b:130:9:130:41:130:45:130:54":14,"f:138:16:138:31":14,"s:139:27:139:60":40,"f:139:40:139:41":15,"s:139:45:139:59":41,"b:140:2:140:49:undefined:undefined:undefined:undefined":15,"s:140:2:140:49":42,"s:140:37:140:49":43,"s:142:22:142:91":44,"f:142:46:142:47":16,"s:142:58:142:87":45,"b:142:65:142:81:142:85:142:86":16,"s:143:2:143:44":46,"f:151:16:151:36":17,"s:152:2:154:58":47,"f:153:12:153:13":18,"s:153:17:153:31":48,"f:154:12:154:13":19,"s:154:24:154:53":49,"b:154:31:154:47:154:51:154:52":17,"f:162:16:162:28":20,"s:163:17:163:19":50,"b:166:2:168:3:undefined:undefined:undefined:undefined":18,"s:166:2:168:3":51,"s:167:4:167:32":52,"b:169:2:171:3:undefined:undefined:undefined:undefined":19,"s:169:2:171:3":53,"s:170:4:170:24":54,"b:172:2:174:3:undefined:undefined:undefined:undefined":20,"s:172:2:174:3":55,"s:173:4:173:32":56,"b:175:2:177:3:undefined:undefined:undefined:undefined":21,"s:175:2:177:3":57,"s:176:4:176:28":58,"b:178:2:180:3:undefined:undefined:undefined:undefined":22,"s:178:2:180:3":59,"s:179:4:179:30":60,"s:183:27:183:76":61,"b:183:27:183:70:183:74:183:76":23,"f:183:50:183:51":21,"s:183:55:183:69":62,"b:185:2:199:3:187:9:199:3":24,"s:185:2:199:3":63,"s:186:4:186:25":64,"s:189:22:189:58":65,"f:189:45:189:46":22,"s:189:50:189:57":66,"s:190:24:190:65":67,"f:190:47:190:48":23,"s:190:52:190:64":68,"b:192:4:192:46:undefined:undefined:undefined:undefined":25,"s:192:4:192:46":69,"s:192:20:192:46":70,"b:193:4:193:49:undefined:undefined:undefined:undefined":26,"s:193:4:193:49":71,"s:193:22:193:49":72,"b:196:4:198:5:undefined:undefined:undefined:undefined":27,"s:196:4:198:5":73,"s:197:6:197:31":74,"b:202:2:208:3:undefined:undefined:undefined:undefined":28,"s:202:2:208:3":75,"s:203:29:203:60":76,"b:203:29:203:54:203:58:203:60":29,"s:204:19:204:93":77,"f:204:58:204:59":24,"s:204:63:204:92":78,"b:204:63:204:73:204:77:204:92":30,"b:205:4:207:5:undefined:undefined:undefined:undefined":31,"s:205:4:207:5":79,"s:206:6:206:34":80,"s:210:2:213:4":81,"f:221:16:221:33":25,"s:222:17:222:18":82,"s:225:25:225:91":83,"s:226:31:226:97":84,"f:226:53:226:58":26,"s:226:62:226:96":85,"s:227:2:227:73":86,"s:230:27:230:76":87,"b:230:27:230:70:230:74:230:76":32,"f:230:50:230:51":27,"s:230:55:230:69":88,"b:231:2:242:3:undefined:undefined:undefined:undefined":33,"s:231:2:242:3":89,"s:232:24:232:61":90,"f:232:48:232:49":28,"s:232:53:232:60":91,"s:233:26:233:68":92,"f:233:50:233:51":29,"s:233:55:233:67":93,"s:234:25:234:56":94,"s:237:6:239:29":95,"b:239:22:239:24:239:27:239:28":34,"s:241:4:241:29":96,"b:245:2:249:3:undefined:undefined:undefined:undefined":35,"s:245:2:249:3":97,"s:246:29:246:60":98,"b:246:29:246:54:246:58:246:60":36,"s:247:19:247:93":99,"f:247:58:247:59":30,"s:247:63:247:92":100,"b:247:63:247:73:247:77:247:92":37,"s:248:4:248:41":101,"b:252:2:254:3:undefined:undefined:undefined:undefined":38,"s:252:2:254:3":102,"s:253:4:253:19":103,"s:256:2:256:30":104,"f:264:16:264:34":31,"s:265:2:267:58":105,"f:266:12:266:13":32,"s:266:17:266:65":106,"b:266:17:266:46:266:50:266:65":39,"f:267:12:267:13":33,"s:267:24:267:53":107,"b:267:31:267:47:267:51:267:52":40,"f:275:16:275:39":34,"s:276:2:278:58":108,"f:277:12:277:13":35,"s:277:17:277:65":109,"b:277:17:277:46:277:50:277:65":41,"f:278:12:278:13":36,"s:278:24:278:53":110,"b:278:31:278:47:278:51:278:52":42,"f:287:16:287:53":37,"b:288:2:288:35:undefined:undefined:undefined:undefined":43,"s:288:2:288:35":111,"s:288:23:288:35":112,"s:290:17:290:89":113,"f:290:54:290:55":38,"s:290:59:290:88":114,"b:290:59:290:69:290:73:290:88":44,"b:293:2:293:51:undefined:undefined:undefined:undefined":45,"s:293:2:293:51":115,"s:293:39:293:51":116,"s:296:18:296:79":117,"f:296:32:296:33":39,"s:296:44:296:59":118,"s:299:23:299:42":119,"s:302:18:302:51":120,"f:302:30:302:31":40,"s:302:35:302:50":121,"s:304:2:308:4":122,"b:305:21:305:22:305:25:305:63":46,"f:317:16:317:36":41,"b:318:2:318:36:undefined:undefined:undefined:undefined":47,"s:318:2:318:36":123,"s:318:23:318:36":124,"s:319:17:319:89":125,"f:319:54:319:55":42,"s:319:59:319:88":126,"b:319:59:319:69:319:73:319:88":48,"s:320:2:320:41":127}}}
,"C:\\Users\\s.vanas\\Projects\\tss_ppm\\hr-performance-app\\src\\utils\\session.js": {"path":"C:\\Users\\s.vanas\\Projects\\tss_ppm\\hr-performance-app\\src\\utils\\session.js","statementMap":{"0":{"start":{"line":7,"column":2},"end":{"line":7,"column":46}},"1":{"start":{"line":7,"column":33},"end":{"line":7,"column":46}},"2":{"start":{"line":9,"column":2},"end":{"line":15,"column":30}},"3":{"start":{"line":24,"column":2},"end":{"line":24,"column":46}},"4":{"start":{"line":24,"column":33},"end":{"line":24,"column":46}},"5":{"start":{"line":26,"column":2},"end":{"line":32,"column":29}}},"fnMap":{"0":{"name":"sanitizeInput","decl":{"start":{"line":6,"column":16},"end":{"line":6,"column":29}},"loc":{"start":{"line":6,"column":37},"end":{"line":16,"column":1}},"line":6},"1":{"name":"decodeInput","decl":{"start":{"line":23,"column":16},"end":{"line":23,"column":27}},"loc":{"start":{"line":23,"column":35},"end":{"line":33,"column":1}},"line":23}},"branchMap":{"0":{"loc":{"start":{"line":7,"column":2},"end":{"line":7,"column":46}},"type":"if","locations":[{"start":{"line":7,"column":2},"end":{"line":7,"column":46}},{"start":{},"end":{}}],"line":7},"1":{"loc":{"start":{"line":24,"column":2},"end":{"line":24,"column":46}},"type":"if","locations":[{"start":{"line":24,"column":2},"end":{"line":24,"column":46}},{"start":{},"end":{}}],"line":24}},"s":{"0":11,"1":3,"2":8,"3":8,"4":2,"5":6},"f":{"0":11,"1":8},"b":{"0":[3,8],"1":[2,6]},"meta":{"lastBranch":2,"lastFunction":2,"lastStatement":6,"seen":{"f:6:16:6:29":0,"b:7:2:7:46:undefined:undefined:undefined:undefined":0,"s:7:2:7:46":0,"s:7:33:7:46":1,"s:9:2:15:30":2,"f:23:16:23:27":1,"b:24:2:24:46:undefined:undefined:undefined:undefined":1,"s:24:2:24:46":3,"s:24:33:24:46":4,"s:26:2:32:29":5}}}
,"C:\\Users\\s.vanas\\Projects\\tss_ppm\\hr-performance-app\\src\\utils\\webgpuDetect.js": {"path":"C:\\Users\\s.vanas\\Projects\\tss_ppm\\hr-performance-app\\src\\utils\\webgpuDetect.js","statementMap":{"0":{"start":{"line":10,"column":2},"end":{"line":12,"column":3}},"1":{"start":{"line":11,"column":4},"end":{"line":11,"column":17}},"2":{"start":{"line":14,"column":2},"end":{"line":20,"column":3}},"3":{"start":{"line":15,"column":20},"end":{"line":15,"column":56}},"4":{"start":{"line":16,"column":4},"end":{"line":16,"column":28}},"5":{"start":{"line":18,"column":4},"end":{"line":18,"column":44}},"6":{"start":{"line":19,"column":4},"end":{"line":19,"column":17}},"7":{"start":{"line":29,"column":25},"end":{"line":29,"column":81}},"8":{"start":{"line":30,"column":24},"end":{"line":30,"column":47}},"9":{"start":{"line":33,"column":26},"end":{"line":35,"column":3}},"10":{"start":{"line":37,"column":2},"end":{"line":37,"column":62}},"11":{"start":{"line":46,"column":2},"end":{"line":48,"column":3}},"12":{"start":{"line":47,"column":4},"end":{"line":47,"column":17}},"13":{"start":{"line":51,"column":2},"end":{"line":58,"column":3}},"14":{"start":{"line":52,"column":4},"end":{"line":54,"column":5}},"15":{"start":{"line":53,"column":6},"end":{"line":53,"column":19}},"16":{"start":{"line":55,"column":4},"end":{"line":57,"column":5}},"17":{"start":{"line":56,"column":6},"end":{"line":56,"column":22}},"18":{"start":{"line":61,"column":20},"end":{"line":61,"column":45}},"19":{"start":{"line":63,"column":2},"end":{"line":65,"column":3}},"20":{"start":{"line":64,"column":4},"end":{"line":64,"column":18}},"21":{"start":{"line":68,"column":16},"end":{"line":68,"column":50}},"22":{"start":{"line":69,"column":2},"end":{"line":71,"column":3}},"23":{"start":{"line":70,"column":4},"end":{"line":70,"column":20}},"24":{"start":{"line":73,"column":2},"end":{"line":73,"column":15}},"25":{"start":{"line":81,"column":21},"end":{"line":81,"column":48}},"26":{"start":{"line":83,"column":2},"end":{"line":85,"column":3}},"27":{"start":{"line":84,"column":4},"end":{"line":84,"column":20}},"28":{"start":{"line":87,"column":20},"end":{"line":87,"column":45}},"29":{"start":{"line":89,"column":2},"end":{"line":91,"column":3}},"30":{"start":{"line":90,"column":4},"end":{"line":90,"column":20}},"31":{"start":{"line":95,"column":2},"end":{"line":97,"column":3}},"32":{"start":{"line":96,"column":4},"end":{"line":96,"column":18}},"33":{"start":{"line":99,"column":2},"end":{"line":99,"column":18}},"34":{"start":{"line":107,"column":49},"end":{"line":111,"column":4}},"35":{"start":{"line":113,"column":2},"end":{"line":120,"column":4}}},"fnMap":{"0":{"name":"isWebGPUAvailable","decl":{"start":{"line":9,"column":22},"end":{"line":9,"column":39}},"loc":{"start":{"line":9,"column":42},"end":{"line":21,"column":1}},"line":9},"1":{"name":"isMobileDevice","decl":{"start":{"line":27,"column":16},"end":{"line":27,"column":30}},"loc":{"start":{"line":27,"column":33},"end":{"line":38,"column":1}},"line":27},"2":{"name":"getDeviceCapability","decl":{"start":{"line":44,"column":22},"end":{"line":44,"column":41}},"loc":{"start":{"line":44,"column":44},"end":{"line":74,"column":1}},"line":44},"3":{"name":"getBestWhisperBackend","decl":{"start":{"line":80,"column":22},"end":{"line":80,"column":43}},"loc":{"start":{"line":80,"column":46},"end":{"line":100,"column":1}},"line":80},"4":{"name":"getCapabilityInfo","decl":{"start":{"line":106,"column":22},"end":{"line":106,"column":39}},"loc":{"start":{"line":106,"column":42},"end":{"line":121,"column":1}},"line":106}},"branchMap":{"0":{"loc":{"start":{"line":10,"column":2},"end":{"line":12,"column":3}},"type":"if","locations":[{"start":{"line":10,"column":2},"end":{"line":12,"column":3}},{"start":{},"end":{}}],"line":10},"1":{"loc":{"start":{"line":29,"column":25},"end":{"line":29,"column":81}},"type":"binary-expr","locations":[{"start":{"line":29,"column":25},"end":{"line":29,"column":49}},{"start":{"line":29,"column":53},"end":{"line":29,"column":81}}],"line":29},"2":{"loc":{"start":{"line":37,"column":9},"end":{"line":37,"column":61}},"type":"binary-expr","locations":[{"start":{"line":37,"column":9},"end":{"line":37,"column":24}},{"start":{"line":37,"column":29},"end":{"line":37,"column":43}},{"start":{"line":37,"column":47},"end":{"line":37,"column":60}}],"line":37},"3":{"loc":{"start":{"line":46,"column":2},"end":{"line":48,"column":3}},"type":"if","locations":[{"start":{"line":46,"column":2},"end":{"line":48,"column":3}},{"start":{},"end":{}}],"line":46},"4":{"loc":{"start":{"line":51,"column":2},"end":{"line":58,"column":3}},"type":"if","locations":[{"start":{"line":51,"column":2},"end":{"line":58,"column":3}},{"start":{},"end":{}}],"line":51},"5":{"loc":{"start":{"line":52,"column":4},"end":{"line":54,"column":5}},"type":"if","locations":[{"start":{"line":52,"column":4},"end":{"line":54,"column":5}},{"start":{},"end":{}}],"line":52},"6":{"loc":{"start":{"line":55,"column":4},"end":{"line":57,"column":5}},"type":"if","locations":[{"start":{"line":55,"column":4},"end":{"line":57,"column":5}},{"start":{},"end":{}}],"line":55},"7":{"loc":{"start":{"line":63,"column":2},"end":{"line":65,"column":3}},"type":"if","locations":[{"start":{"line":63,"column":2},"end":{"line":65,"column":3}},{"start":{},"end":{}}],"line":63},"8":{"loc":{"start":{"line":68,"column":16},"end":{"line":68,"column":50}},"type":"binary-expr","locations":[{"start":{"line":68,"column":16},"end":{"line":68,"column":45}},{"start":{"line":68,"column":49},"end":{"line":68,"column":50}}],"line":68},"9":{"loc":{"start":{"line":69,"column":2},"end":{"line":71,"column":3}},"type":"if","locations":[{"start":{"line":69,"column":2},"end":{"line":71,"column":3}},{"start":{},"end":{}}],"line":69},"10":{"loc":{"start":{"line":83,"column":2},"end":{"line":85,"column":3}},"type":"if","locations":[{"start":{"line":83,"column":2},"end":{"line":85,"column":3}},{"start":{},"end":{}}],"line":83},"11":{"loc":{"start":{"line":89,"column":2},"end":{"line":91,"column":3}},"type":"if","locations":[{"start":{"line":89,"column":2},"end":{"line":91,"column":3}},{"start":{},"end":{}}],"line":89},"12":{"loc":{"start":{"line":89,"column":6},"end":{"line":89,"column":40}},"type":"binary-expr","locations":[{"start":{"line":89,"column":6},"end":{"line":89,"column":15}},{"start":{"line":89,"column":19},"end":{"line":89,"column":40}}],"line":89},"13":{"loc":{"start":{"line":95,"column":2},"end":{"line":97,"column":3}},"type":"if","locations":[{"start":{"line":95,"column":2},"end":{"line":97,"column":3}},{"start":{},"end":{}}],"line":95},"14":{"loc":{"start":{"line":118,"column":12},"end":{"line":118,"column":47}},"type":"binary-expr","locations":[{"start":{"line":118,"column":12},"end":{"line":118,"column":34}},{"start":{"line":118,"column":38},"end":{"line":118,"column":47}}],"line":118},"15":{"loc":{"start":{"line":119,"column":11},"end":{"line":119,"column":53}},"type":"binary-expr","locations":[{"start":{"line":119,"column":11},"end":{"line":119,"column":40}},{"start":{"line":119,"column":44},"end":{"line":119,"column":53}}],"line":119}},"s":{"0":17,"1":2,"2":15,"3":15,"4":14,"5":1,"6":1,"7":18,"8":18,"9":18,"10":18,"11":12,"12":2,"13":10,"14":7,"15":1,"16":6,"17":2,"18":7,"19":7,"20":6,"21":1,"22":12,"23":0,"24":1,"25":5,"26":5,"27":1,"28":4,"29":4,"30":3,"31":1,"32":1,"33":0,"34":2,"35":2},"f":{"0":17,"1":18,"2":12,"3":5,"4":2},"b":{"0":[2,15],"1":[18,0],"2":[18,14,14],"3":[2,10],"4":[7,3],"5":[1,6],"6":[2,4],"7":[6,1],"8":[1,0],"9":[0,12],"10":[1,4],"11":[3,1],"12":[4,4],"13":[1,0],"14":[2,1],"15":[2,1]},"meta":{"lastBranch":16,"lastFunction":5,"lastStatement":36,"seen":{"f:9:22:9:39":0,"b:10:2:12:3:undefined:undefined:undefined:undefined":0,"s:10:2:12:3":0,"s:11:4:11:17":1,"s:14:2:20:3":2,"s:15:20:15:56":3,"s:16:4:16:28":4,"s:18:4:18:44":5,"s:19:4:19:17":6,"f:27:16:27:30":1,"s:29:25:29:81":7,"b:29:25:29:49:29:53:29:81":1,"s:30:24:30:47":8,"s:33:26:35:3":9,"s:37:2:37:62":10,"b:37:9:37:24:37:29:37:43:37:47:37:60":2,"f:44:22:44:41":2,"b:46:2:48:3:undefined:undefined:undefined:undefined":3,"s:46:2:48:3":11,"s:47:4:47:17":12,"b:51:2:58:3:undefined:undefined:undefined:undefined":4,"s:51:2:58:3":13,"b:52:4:54:5:undefined:undefined:undefined:undefined":5,"s:52:4:54:5":14,"s:53:6:53:19":15,"b:55:4:57:5:undefined:undefined:undefined:undefined":6,"s:55:4:57:5":16,"s:56:6:56:22":17,"s:61:20:61:45":18,"b:63:2:65:3:undefined:undefined:undefined:undefined":7,"s:63:2:65:3":19,"s:64:4:64:18":20,"s:68:16:68:50":21,"b:68:16:68:45:68:49:68:50":8,"b:69:2:71:3:undefined:undefined:undefined:undefined":9,"s:69:2:71:3":22,"s:70:4:70:20":23,"s:73:2:73:15":24,"f:80:22:80:43":3,"s:81:21:81:48":25,"b:83:2:85:3:undefined:undefined:undefined:undefined":10,"s:83:2:85:3":26,"s:84:4:84:20":27,"s:87:20:87:45":28,"b:89:2:91:3:undefined:undefined:undefined:undefined":11,"s:89:2:91:3":29,"b:89:6:89:15:89:19:89:40":12,"s:90:4:90:20":30,"b:95:2:97:3:undefined:undefined:undefined:undefined":13,"s:95:2:97:3":31,"s:96:4:96:18":32,"s:99:2:99:18":33,"f:106:22:106:39":4,"s:107:49:111:4":34,"s:113:2:120:4":35,"b:118:12:118:34:118:38:118:47":14,"b:119:11:119:40:119:44:119:53":15}}}
}
